Removed Pin From Net: NetName=5V_CVDD_TX Pin=C92-1
Removed Pin From Net: NetName=5V_CVDD_TX Pin=C93-2
Removed Pin From Net: NetName=5V_CVDD_TX Pin=C94-2
Removed Pin From Net: NetName=3V3_CVDD_TX Pin=C97-2
Removed Pin From Net: NetName=3V3_CVDD_TX Pin=C98-2
Removed Pin From Net: NetName=3V3_CVDD_TX Pin=C100-2
Removed Pin From Net: NetName=3V3_CVDD_TX Pin=C101-1
Removed Pin From Net: NetName=3V3_DVDD_TX Pin=C123-2
Removed Pin From Net: NetName=3V3_DVDD_TX Pin=C144-2
Removed Pin From Net: NetName=3V3_DVDD_TX Pin=C160-2
Removed Pin From Net: NetName=GND Pin=C172-1
Removed Pin From Net: NetName=3V3_DVDD_TX Pin=C172-2
Removed Pin From Net: NetName=3V3_DVDD_TX Pin=C173-1
Removed Pin From Net: NetName=3V3_DVDD_TX Pin=C174-1
Removed Pin From Net: NetName=3V3_DVDD_RX Pin=C176-1
Removed Pin From Net: NetName=3V3_DVDD_RX Pin=C177-1
Removed Pin From Net: NetName=5V_QMOD_TX Pin=C181-1
Removed Pin From Net: NetName=6V_TX Pin=C?-2
Removed Pin From Net: NetName=6V_TX Pin=C?-2
Removed Pin From Net: NetName=_6V_flt Pin=C?-2
Removed Pin From Net: NetName=_6V_flt Pin=C?-2
Removed Pin From Net: NetName=_6V_flt Pin=C?-2
Removed Pin From Net: NetName=3V3_DVDD_TX Pin=D15-8
Removed Pin From Net: NetName=3V3_DVDD_TX Pin=D17-16
Removed Pin From Net: NetName=3V3_DVDD_RX Pin=D19-16
Removed Pin From Net: NetName=3V3_DVDD_TX Pin=D21-8
Removed Pin From Net: NetName=NetC105_1 Pin=D23-11
Removed Pin From Net: NetName=NetC103_1 Pin=D23-12
Removed Pin From Net: NetName=NetC108_2 Pin=D23-15
Removed Pin From Net: NetName=NetC106_2 Pin=D23-16
Removed Pin From Net: NetName=NetC106_2 Pin=D23-18
Removed Pin From Net: NetName=NetC106_2 Pin=D23-19
Removed Pin From Net: NetName=NetC106_2 Pin=D23-20
Removed Pin From Net: NetName=NetC108_2 Pin=D23-25
Removed Pin From Net: NetName=LO2_REF_TX Pin=D23-27
Removed Pin From Net: NetName=NetC104_1 Pin=D23-28
Removed Pin From Net: NetName=3V3_DVDD_TX Pin=D24-8
Removed Pin From Net: NetName=3V3_DVDD_RX Pin=D25-8
Removed Pin From Net: NetName=3V3_DVDD_TX Pin=D27-2
Removed Pin From Net: NetName=I2C_A0_TX Pin=D31-1
Removed Pin From Net: NetName=I2C_A1_TX Pin=D31-2
Removed Pin From Net: NetName=3V3_DVDD_TX Pin=D31-3
Removed Pin From Net: NetName=GND Pin=D31-4
Removed Pin From Net: NetName=SDA_TX Pin=D31-5
Removed Pin From Net: NetName=SCL_TX Pin=D31-6
Removed Pin From Net: NetName=3V3_DVDD_TX Pin=D31-8
Removed Pin From Net: NetName=5V_QMOD_TX Pin=D33-1
Removed Pin From Net: NetName=5V_CVDD_TX Pin=L31-2
Removed Pin From Net: NetName=3V3_CVDD_TX Pin=L32-2
Removed Pin From Net: NetName=3V3_CVDD_TX Pin=L33-2
Removed Pin From Net: NetName=6V_TX Pin=L?-1
Removed Pin From Net: NetName=_6V_flt Pin=L?-2
Removed Pin From Net: NetName=3V3_DVDD_TX Pin=R51-1
Removed Pin From Net: NetName=-3V4_DVSS_RX Pin=R67-1
Removed Pin From Net: NetName=-3V4_DVSS_RX Pin=R70-1
Removed Pin From Net: NetName=3V3_CVDD_TX Pin=T4-5
Removed Pin From Net: NetName=6V_TX Pin=X1-4
Removed Pin From Net: NetName=6V_TX Pin=X1-6
Change Component Designator: OldDesignator=C119 NewDesignator=C11
Change Component Designator: OldDesignator=C120 NewDesignator=C12
Change Component Designator: OldDesignator=C124 NewDesignator=C3
Change Component Designator: OldDesignator=C125 NewDesignator=C4
Change Component Designator: OldDesignator=C126 NewDesignator=C1
Change Component Designator: OldDesignator=C127 NewDesignator=C2
Change Component Designator: OldDesignator=C128 NewDesignator=C6
Change Component Designator: OldDesignator=C129 NewDesignator=C10
Change Component Designator: OldDesignator=C130 NewDesignator=C7
Change Component Designator: OldDesignator=C131 NewDesignator=C8
Change Component Designator: OldDesignator=C132 NewDesignator=C9
Change Component Designator: OldDesignator=C212 NewDesignator=C5
Change Component Designator: OldDesignator=D15 NewDesignator=D13
Change Component Designator: OldDesignator=D17 NewDesignator=D8
Change Component Designator: OldDesignator=D18 NewDesignator=D7
Change Component Designator: OldDesignator=D19 NewDesignator=D6
Change Component Designator: OldDesignator=D20 NewDesignator=D10
Change Component Designator: OldDesignator=D21 NewDesignator=D9
Change Component Designator: OldDesignator=D22 NewDesignator=D11
Change Component Designator: OldDesignator=D24 NewDesignator=D12
Change Component Designator: OldDesignator=D25 NewDesignator=D5
Change Component Designator: OldDesignator=D26 NewDesignator=D4
Change Component Designator: OldDesignator=D27 NewDesignator=D3
Change Component Designator: OldDesignator=D28 NewDesignator=D2
Change Component Designator: OldDesignator=D29 NewDesignator=D1
Added Component: Designator=C?(C0603)
Add component (AddParameter): Name = "Manufacturer"; Value = "Murata"; VariantName = "[No Variations]"
Add component (AddParameter): Name = "Material"; Value = "X7R"; VariantName = "[No Variations]"
Add component (AddParameter): Name = "P/N"; Value = "GRM188R71H221KA01D"; VariantName = "[No Variations]"
Add component (AddParameter): Name = "Tolerance"; Value = "10%"; VariantName = "[No Variations]"
Add component (AddParameter): Name = "Type"; Value = "Ceramic Capacitor"; VariantName = "[No Variations]"
Add component (AddParameter): Name = "Value"; Value = "220pF"; VariantName = "[No Variations]"
Add component (AddParameter): Name = "Voltage"; Value = "50V"; VariantName = "[No Variations]"
Added Component: Designator=C?(C0402)
Add component (AddParameter): Name = "Manufacturer"; Value = "Murata"; VariantName = "[No Variations]"
Add component (AddParameter): Name = "Material"; Value = "X7R"; VariantName = "[No Variations]"
Add component (AddParameter): Name = "P/N"; Value = "GRM155R71C104KA88J"; VariantName = "[No Variations]"
Add component (AddParameter): Name = "Tolerance"; Value = "10%"; VariantName = "[No Variations]"
Add component (AddParameter): Name = "Type"; Value = "Ceramic Capacitor"; VariantName = "[No Variations]"
Add component (AddParameter): Name = "Value"; Value = "0.1uF"; VariantName = "[No Variations]"
Add component (AddParameter): Name = "Voltage"; Value = "16V"; VariantName = "[No Variations]"
Added Component: Designator=C?(C0402)
Add component (AddParameter): Name = "Manufacturer"; Value = "Murata"; VariantName = "[No Variations]"
Add component (AddParameter): Name = "Material"; Value = "X7R"; VariantName = "[No Variations]"
Add component (AddParameter): Name = "P/N"; Value = "GRM155R71C104KA88J"; VariantName = "[No Variations]"
Add component (AddParameter): Name = "Tolerance"; Value = "10%"; VariantName = "[No Variations]"
Add component (AddParameter): Name = "Type"; Value = "Ceramic Capacitor"; VariantName = "[No Variations]"
Add component (AddParameter): Name = "Value"; Value = "0.1uF"; VariantName = "[No Variations]"
Add component (AddParameter): Name = "Voltage"; Value = "16V"; VariantName = "[No Variations]"
Added Component: Designator=C?(C0805)
Add component (AddParameter): Name = "Manufacturer"; Value = "Murata"; VariantName = "[No Variations]"
Add component (AddParameter): Name = "Material"; Value = "X7R"; VariantName = "[No Variations]"
Add component (AddParameter): Name = "P/N"; Value = "GRM21BR71A105KA01K"; VariantName = "[No Variations]"
Add component (AddParameter): Name = "Tolerance"; Value = "10%"; VariantName = "[No Variations]"
Add component (AddParameter): Name = "Type"; Value = "Ceramic Capacitor"; VariantName = "[No Variations]"
Add component (AddParameter): Name = "Value"; Value = "1uF"; VariantName = "[No Variations]"
Add component (AddParameter): Name = "Voltage"; Value = "10V"; VariantName = "[No Variations]"
Added Component: Designator=C?(C0603)
Add component (AddParameter): Name = "Manufacturer"; Value = "Murata"; VariantName = "[No Variations]"
Add component (AddParameter): Name = "Material"; Value = "X7R"; VariantName = "[No Variations]"
Add component (AddParameter): Name = "P/N"; Value = "GRM188R71H221KA01D"; VariantName = "[No Variations]"
Add component (AddParameter): Name = "Tolerance"; Value = "10%"; VariantName = "[No Variations]"
Add component (AddParameter): Name = "Type"; Value = "Ceramic Capacitor"; VariantName = "[No Variations]"
Add component (AddParameter): Name = "Value"; Value = "220pF"; VariantName = "[No Variations]"
Add component (AddParameter): Name = "Voltage"; Value = "50V"; VariantName = "[No Variations]"
Added Component: Designator=C?(C0603)
Add component (AddParameter): Name = "Manufacturer"; Value = "Murata"; VariantName = "[No Variations]"
Add component (AddParameter): Name = "Material"; Value = "X7R"; VariantName = "[No Variations]"
Add component (AddParameter): Name = "P/N"; Value = "GRM188R71H221KA01D"; VariantName = "[No Variations]"
Add component (AddParameter): Name = "Tolerance"; Value = "10%"; VariantName = "[No Variations]"
Add component (AddParameter): Name = "Type"; Value = "Ceramic Capacitor"; VariantName = "[No Variations]"
Add component (AddParameter): Name = "Value"; Value = "220pF"; VariantName = "[No Variations]"
Add component (AddParameter): Name = "Voltage"; Value = "50V"; VariantName = "[No Variations]"
Added Component: Designator=C?(C0402)
Add component (AddParameter): Name = "Manufacturer"; Value = "Murata"; VariantName = "[No Variations]"
Add component (AddParameter): Name = "Material"; Value = "X7R"; VariantName = "[No Variations]"
Add component (AddParameter): Name = "P/N"; Value = "GRM155R71C104KA88J"; VariantName = "[No Variations]"
Add component (AddParameter): Name = "Tolerance"; Value = "10%"; VariantName = "[No Variations]"
Add component (AddParameter): Name = "Type"; Value = "Ceramic Capacitor"; VariantName = "[No Variations]"
Add component (AddParameter): Name = "Value"; Value = "0.1uF"; VariantName = "[No Variations]"
Add component (AddParameter): Name = "Voltage"; Value = "16V"; VariantName = "[No Variations]"
Added Component: Designator=C?(C0805)
Add component (AddParameter): Name = "Manufacturer"; Value = "Murata"; VariantName = "[No Variations]"
Add component (AddParameter): Name = "Material"; Value = "X7R"; VariantName = "[No Variations]"
Add component (AddParameter): Name = "P/N"; Value = "GRM21BR71A105KA01K"; VariantName = "[No Variations]"
Add component (AddParameter): Name = "Tolerance"; Value = "10%"; VariantName = "[No Variations]"
Add component (AddParameter): Name = "Type"; Value = "Ceramic Capacitor"; VariantName = "[No Variations]"
Add component (AddParameter): Name = "Value"; Value = "1uF"; VariantName = "[No Variations]"
Add component (AddParameter): Name = "Voltage"; Value = "10V"; VariantName = "[No Variations]"
Added Component: Designator=C?(C0603)
Add component (AddParameter): Name = "Manufacturer"; Value = "Murata"; VariantName = "[No Variations]"
Add component (AddParameter): Name = "Material"; Value = "X7R"; VariantName = "[No Variations]"
Add component (AddParameter): Name = "P/N"; Value = "GRM188R71H221KA01D"; VariantName = "[No Variations]"
Add component (AddParameter): Name = "Tolerance"; Value = "10%"; VariantName = "[No Variations]"
Add component (AddParameter): Name = "Type"; Value = "Ceramic Capacitor"; VariantName = "[No Variations]"
Add component (AddParameter): Name = "Value"; Value = "220pF"; VariantName = "[No Variations]"
Add component (AddParameter): Name = "Voltage"; Value = "50V"; VariantName = "[No Variations]"
Added Component: Designator=C?(C1210)
Add component (AddParameter): Name = "Manufacturer"; Value = "Murata"; VariantName = "[No Variations]"
Add component (AddParameter): Name = "Material"; Value = "X5R"; VariantName = "[No Variations]"
Add component (AddParameter): Name = "P/N"; Value = "GRM32ER60J107ME20L"; VariantName = "[No Variations]"
Add component (AddParameter): Name = "Tolerance"; Value = "20%"; VariantName = "[No Variations]"
Add component (AddParameter): Name = "Type"; Value = "Ceramic Capacitor"; VariantName = "[No Variations]"
Add component (AddParameter): Name = "Value"; Value = "100uF"; VariantName = "[No Variations]"
Add component (AddParameter): Name = "Voltage"; Value = "6.3V"; VariantName = "[No Variations]"
Added Component: Designator=C?(C1210)
Add component (AddParameter): Name = "Manufacturer"; Value = "Murata"; VariantName = "[No Variations]"
Add component (AddParameter): Name = "Material"; Value = "X5R"; VariantName = "[No Variations]"
Add component (AddParameter): Name = "P/N"; Value = "GRM32ER60J107ME20L"; VariantName = "[No Variations]"
Add component (AddParameter): Name = "Tolerance"; Value = "20%"; VariantName = "[No Variations]"
Add component (AddParameter): Name = "Type"; Value = "Ceramic Capacitor"; VariantName = "[No Variations]"
Add component (AddParameter): Name = "Value"; Value = "100uF"; VariantName = "[No Variations]"
Add component (AddParameter): Name = "Voltage"; Value = "6.3V"; VariantName = "[No Variations]"
Added Component: Designator=C?(C1210)
Add component (AddParameter): Name = "Manufacturer"; Value = "Murata"; VariantName = "[No Variations]"
Add component (AddParameter): Name = "Material"; Value = "X7R"; VariantName = "[No Variations]"
Add component (AddParameter): Name = "P/N"; Value = "GRM32ER71A476KE15L"; VariantName = "[No Variations]"
Add component (AddParameter): Name = "Tolerance"; Value = "10%"; VariantName = "[No Variations]"
Add component (AddParameter): Name = "Type"; Value = "Ceramic Capacitor"; VariantName = "[No Variations]"
Add component (AddParameter): Name = "Value"; Value = "47uF"; VariantName = "[No Variations]"
Add component (AddParameter): Name = "Voltage"; Value = "10V"; VariantName = "[No Variations]"
Added Component: Designator=C?(C1210)
Add component (AddParameter): Name = "Manufacturer"; Value = "Murata"; VariantName = "[No Variations]"
Add component (AddParameter): Name = "Material"; Value = "X7R"; VariantName = "[No Variations]"
Add component (AddParameter): Name = "P/N"; Value = "GRM32ER71A476KE15L"; VariantName = "[No Variations]"
Add component (AddParameter): Name = "Tolerance"; Value = "10%"; VariantName = "[No Variations]"
Add component (AddParameter): Name = "Type"; Value = "Ceramic Capacitor"; VariantName = "[No Variations]"
Add component (AddParameter): Name = "Value"; Value = "47uF"; VariantName = "[No Variations]"
Add component (AddParameter): Name = "Voltage"; Value = "10V"; VariantName = "[No Variations]"
Added Component: Designator=C?(C0402)
Add component (AddParameter): Name = "Manufacturer"; Value = "Murata"; VariantName = "[No Variations]"
Add component (AddParameter): Name = "Material"; Value = "X7R"; VariantName = "[No Variations]"
Add component (AddParameter): Name = "P/N"; Value = "GRM155R71C104KA88J"; VariantName = "[No Variations]"
Add component (AddParameter): Name = "Tolerance"; Value = "10%"; VariantName = "[No Variations]"
Add component (AddParameter): Name = "Type"; Value = "Ceramic Capacitor"; VariantName = "[No Variations]"
Add component (AddParameter): Name = "Value"; Value = "0.1uF"; VariantName = "[No Variations]"
Add component (AddParameter): Name = "Voltage"; Value = "16V"; VariantName = "[No Variations]"
Added Component: Designator=D?(WSON-6)
Add component (AddParameter): Name = "Current"; Value = "500mA"; VariantName = "[No Variations]"
Add component (AddParameter): Name = "Manufacturer"; Value = "Texas Instruments"; VariantName = "[No Variations]"
Add component (AddParameter): Name = "Name"; Value = "LP5912-3.3DRVT"; VariantName = "[No Variations]"
Add component (AddParameter): Name = "P/N"; Value = "LP5912-3.3DRVT"; VariantName = "[No Variations]"
Add component (AddParameter): Name = "Package"; Value = "WSON"; VariantName = "[No Variations]"
Add component (AddParameter): Name = "Supplier 1"; Value = "Digi-Key"; VariantName = "[No Variations]"
Add component (AddParameter): Name = "Supplier Part Number 1"; Value = "296-44153-2-ND"; VariantName = "[No Variations]"
Add component (AddParameter): Name = "Temperature Range"; Value = "–40°C to 125°C"; VariantName = "[No Variations]"
Add component (AddParameter): Name = "Type"; Value = "Low-Noise LDO"; VariantName = "[No Variations]"
Add component (AddParameter): Name = "Voltage"; Value = "3.3V"; VariantName = "[No Variations]"
Added Component: Designator=D?(WSON-6)
Add component (AddParameter): Name = "Current"; Value = "500mA"; VariantName = "[No Variations]"
Add component (AddParameter): Name = "Manufacturer"; Value = "Texas Instruments"; VariantName = "[No Variations]"
Add component (AddParameter): Name = "Name"; Value = "LP5912-3.3DRVT"; VariantName = "[No Variations]"
Add component (AddParameter): Name = "P/N"; Value = "LP5912-3.3DRVT"; VariantName = "[No Variations]"
Add component (AddParameter): Name = "Package"; Value = "WSON"; VariantName = "[No Variations]"
Add component (AddParameter): Name = "Supplier 1"; Value = "Digi-Key"; VariantName = "[No Variations]"
Add component (AddParameter): Name = "Supplier Part Number 1"; Value = "296-44153-2-ND"; VariantName = "[No Variations]"
Add component (AddParameter): Name = "Temperature Range"; Value = "–40°C to 125°C"; VariantName = "[No Variations]"
Add component (AddParameter): Name = "Type"; Value = "Low-Noise LDO"; VariantName = "[No Variations]"
Add component (AddParameter): Name = "Voltage"; Value = "3.3V"; VariantName = "[No Variations]"
Added Component: Designator=L?(L1210_Murata LQH)
Add component (AddParameter): Name = "Current"; Value = "2500mA"; VariantName = "[No Variations]"
Add component (AddParameter): Name = "Frequency"; Value = "100MHz"; VariantName = "[No Variations]"
Add component (AddParameter): Name = "Manufacturer"; Value = "Murata"; VariantName = "[No Variations]"
Add component (AddParameter): Name = "Name"; Value = "LQH32PN1R0NNC"; VariantName = "[No Variations]"
Add component (AddParameter): Name = "P/N"; Value = "LQH32PN1R0NNC"; VariantName = "[No Variations]"
Add component (AddParameter): Name = "Series"; Value = "LQH"; VariantName = "[No Variations]"
Add component (AddParameter): Name = "Temperature Range"; Value = "-25oC to 85oC"; VariantName = "[No Variations]"
Add component (AddParameter): Name = "Tolerance"; Value = "5%"; VariantName = "[No Variations]"
Add component (AddParameter): Name = "Value"; Value = "1uH"; VariantName = "[No Variations]"
Added Component: Designator=L?(L1210_Murata LQH)
Add component (AddParameter): Name = "Current"; Value = "2500mA"; VariantName = "[No Variations]"
Add component (AddParameter): Name = "Frequency"; Value = "100MHz"; VariantName = "[No Variations]"
Add component (AddParameter): Name = "Manufacturer"; Value = "Murata"; VariantName = "[No Variations]"
Add component (AddParameter): Name = "Name"; Value = "LQH32PN1R0NNC"; VariantName = "[No Variations]"
Add component (AddParameter): Name = "P/N"; Value = "LQH32PN1R0NNC"; VariantName = "[No Variations]"
Add component (AddParameter): Name = "Series"; Value = "LQH"; VariantName = "[No Variations]"
Add component (AddParameter): Name = "Temperature Range"; Value = "-25oC to 85oC"; VariantName = "[No Variations]"
Add component (AddParameter): Name = "Tolerance"; Value = "5%"; VariantName = "[No Variations]"
Add component (AddParameter): Name = "Value"; Value = "1uH"; VariantName = "[No Variations]"
Added Pin To Net: NetName=3V3 Pin=C123-2
Added Pin To Net: NetName=3V3 Pin=C144-2
Added Pin To Net: NetName=3V3 Pin=C160-2
Added Pin To Net: NetName=_6V_flt Pin=C?-1
Added Pin To Net: NetName=GND Pin=C?-1
Added Pin To Net: NetName=GND Pin=C?-1
Added Pin To Net: NetName=GND Pin=C?-1
Added Pin To Net: NetName=GND Pin=C?-1
Added Pin To Net: NetName=GND Pin=C?-1
Added Pin To Net: NetName=GND Pin=C?-1
Added Pin To Net: NetName=GND Pin=C?-1
Added Pin To Net: NetName=GND Pin=C?-1
Added Pin To Net: NetName=GND Pin=C?-1
Added Pin To Net: NetName=GND Pin=C?-1
Added Pin To Net: NetName=GND Pin=C?-1
Added Pin To Net: NetName=GND Pin=C?-1
Added Pin To Net: NetName=3V3 Pin=C?-2
Added Pin To Net: NetName=3V3 Pin=C?-2
Added Pin To Net: NetName=3V3 Pin=C?-2
Added Pin To Net: NetName=6V_TX Pin=C?-2
Added Pin To Net: NetName=6V_TX Pin=C?-2
Added Pin To Net: NetName=6V_TX Pin=C?-2
Added Pin To Net: NetName=_6V_flt Pin=C?-2
Added Pin To Net: NetName=_6V_flt Pin=C?-2
Added Pin To Net: NetName=_6V_flt Pin=C?-2
Added Pin To Net: NetName=_6V_flt Pin=C?-2
Added Pin To Net: NetName=GND Pin=C?-2
Added Pin To Net: NetName=GND Pin=C?-2
Added Pin To Net: NetName=3V3 Pin=D3-2
Added Pin To Net: NetName=3V3 Pin=D12-8
Added Pin To Net: NetName=3V3 Pin=D13-8
Added Pin To Net: NetName=NetC105_1 Pin=D13-11
Added Pin To Net: NetName=NetC103_1 Pin=D13-12
Added Pin To Net: NetName=NetC108_2 Pin=D13-15
Added Pin To Net: NetName=NetC106_2 Pin=D13-16
Added Pin To Net: NetName=NetC106_2 Pin=D13-18
Added Pin To Net: NetName=NetC106_2 Pin=D13-19
Added Pin To Net: NetName=NetC106_2 Pin=D13-20
Added Pin To Net: NetName=NetC108_2 Pin=D13-25
Added Pin To Net: NetName=LO2_REF_TX Pin=D13-27
Added Pin To Net: NetName=NetC104_1 Pin=D13-28
Added Pin To Net: NetName=GND Pin=D?-0
Added Pin To Net: NetName=GND Pin=D?-0
Added Pin To Net: NetName=GND Pin=D?-2
Added Pin To Net: NetName=GND Pin=D?-2
Added Pin To Net: NetName=GND Pin=D?-3
Added Pin To Net: NetName=GND Pin=D?-3
Added Pin To Net: NetName=_6V_flt Pin=D?-4
Added Pin To Net: NetName=_6V_flt Pin=D?-4
Added Pin To Net: NetName=_6V_flt Pin=D?-4
Added Pin To Net: NetName=GND Pin=D?-5
Added Pin To Net: NetName=GND Pin=D?-5
Added Pin To Net: NetName=_6V_flt Pin=D?-6
Added Pin To Net: NetName=_6V_flt Pin=D?-6
Added Pin To Net: NetName=_6V_flt Pin=D?-6
Added Pin To Net: NetName=_6V_flt Pin=L?-1
Added Pin To Net: NetName=3V3 Pin=L?-2
Added Pin To Net: NetName=6V_TX Pin=L?-2
Added Pin To Net: NetName=3V3 Pin=R51-1
Added Pin To Net: NetName=_6V_flt Pin=X1-4
Added Pin To Net: NetName=_6V_flt Pin=X1-6
Change Net Name : Old Net Name=5V_QMOD_TX New Net Name=5V_QMOD
Change Net Name : Old Net Name=6V_TX New Net Name=_6V_flt
Change Net Name : Old Net Name=_6V_flt New Net Name=6V_TX
Change Net Name : Old Net Name=NetC119_1 New Net Name=NetC11_1
Change Net Name : Old Net Name=NetC119_2 New Net Name=NetC11_2
Change Net Name : Old Net Name=NetC120_1 New Net Name=NetC12_1
Change Net Name : Old Net Name=NetC120_2 New Net Name=NetC12_2
Change Net Name : Old Net Name=NetC126_1 New Net Name=NetC1_1
Change Net Name : Old Net Name=NetC126_2 New Net Name=NetC1_2
Change Net Name : Old Net Name=NetC127_1 New Net Name=NetC2_1
Change Net Name : Old Net Name=NetC128_1 New Net Name=NetC6_1
Change Net Name : Old Net Name=NetC129_1 New Net Name=NetC8_2
Change Net Name : Old Net Name=NetC212_2 New Net Name=NetC5_2
Change Net Name : Old Net Name=NetD17_7 New Net Name=NetD8_7
Change Net Name : Old Net Name=NetD17_13 New Net Name=NetD8_13
Change Net Name : Old Net Name=NetD18_2 New Net Name=NetD7_2
Change Net Name : Old Net Name=NetD18_4 New Net Name=NetD7_4
Change Net Name : Old Net Name=NetD19_7 New Net Name=NetD6_7
Change Net Name : Old Net Name=NetD19_13 New Net Name=NetD6_13
Change Net Name : Old Net Name=NetD25_7 New Net Name=NetD5_7
Change Net Name : Old Net Name=NetD27_3 New Net Name=NetD3_3
Change Net Name : Old Net Name=RFREQ_LBAND_TX New Net Name=NetD5_24
Change Net Name : Old Net Name=RFREQ_MBAND_TX New Net Name=NetD5_2
Change Net Color : Old Net Color=RGB(158, 161, 117) New Net Color=RGB(106, 168, 79)
Change Net Color : Old Net Color=RGB(158, 161, 117) New Net Color=Fuchsia
Change Net Color : Old Net Color=RGB(158, 161, 117) New Net Color=Blue
Change Net Color : Old Net Color=RGB(158, 161, 117) New Net Color=Red
Change Net Color : Old Net Color=Yellow New Net Color=Default
Change Net Color : Old Net Color=Red New Net Color=Default
Change Net Color : Old Net Color=RGB(255, 153, 0) New Net Color=Default
Change Net Color : Old Net Color=Aqua New Net Color=Default
Change Net Color : Old Net Color=Lime New Net Color=Default
Added Pin To Net: NetName=-3V4_DVSS Pin=R63-1
Added Pin To Net: NetName=-3V4_DVSS Pin=R67-1
Added Pin To Net: NetName=-3V4_DVSS Pin=R70-1
Added Net: Name=-3V4_DVSS
Added Pin To Net: NetName=3V3_AVDD Pin=C?-1
Added Pin To Net: NetName=3V3_AVDD Pin=D?-1
Added Net: Name=3V3_AVDD
Added Pin To Net: NetName=3V3_CVDD Pin=C97-2
Added Pin To Net: NetName=3V3_CVDD Pin=C98-2
Added Pin To Net: NetName=3V3_CVDD Pin=C100-2
Added Pin To Net: NetName=3V3_CVDD Pin=C101-1
Added Pin To Net: NetName=3V3_CVDD Pin=L32-2
Added Pin To Net: NetName=3V3_CVDD Pin=L33-2
Added Pin To Net: NetName=3V3_CVDD Pin=T4-5
Added Net: Name=3V3_CVDD
Added Pin To Net: NetName=3V3_DVDD Pin=C173-1
Added Pin To Net: NetName=3V3_DVDD Pin=C174-1
Added Pin To Net: NetName=3V3_DVDD Pin=C176-1
Added Pin To Net: NetName=3V3_DVDD Pin=C177-1
Added Pin To Net: NetName=3V3_DVDD Pin=C?-1
Added Pin To Net: NetName=3V3_DVDD Pin=D5-8
Added Pin To Net: NetName=3V3_DVDD Pin=D6-16
Added Pin To Net: NetName=3V3_DVDD Pin=D8-16
Added Pin To Net: NetName=3V3_DVDD Pin=D9-8
Added Pin To Net: NetName=3V3_DVDD Pin=D?-1
Added Net: Name=3V3_DVDD
Added Pin To Net: NetName=5V_CVDD Pin=C92-1
Added Pin To Net: NetName=5V_CVDD Pin=C93-2
Added Pin To Net: NetName=5V_CVDD Pin=C94-2
Added Pin To Net: NetName=5V_CVDD Pin=L31-2
Added Net: Name=5V_CVDD
Added Pin To Net: NetName=5V_QMOD_TX Pin=C181-1
Added Pin To Net: NetName=5V_QMOD_TX Pin=D33-1
Added Net: Name=5V_QMOD_TX
Added Pin To Net: NetName=_3V3_flt Pin=C?-2
Added Pin To Net: NetName=_3V3_flt Pin=C?-2
Added Pin To Net: NetName=_3V3_flt Pin=C?-2
Added Pin To Net: NetName=_3V3_flt Pin=L?-2
Added Net: Name=_3V3_flt
Added Pin To Net: NetName=_3V3 Pin=C?-2
Added Pin To Net: NetName=_3V3 Pin=C?-2
Added Pin To Net: NetName=_3V3 Pin=C?-2
Added Pin To Net: NetName=_3V3 Pin=C?-2
Added Pin To Net: NetName=_3V3 Pin=L?-1
Added Pin To Net: NetName=_3V3 Pin=L?-1
Added Net: Name=_3V3
Added Member To Class: ClassName=DBoard_conn Member=Component C? CAP
Added Room: Name=CPLD
Added Room: Name=DBoard_conn
