Removed Pin From Net: NetName=3V3 Pin=C123-2
Removed Pin From Net: NetName=GND Pin=C?-1
Removed Pin From Net: NetName=3V3 Pin=D3-2
Removed Pin From Net: NetName=GND Pin=D?-0
Removed Pin From Net: NetName=GND Pin=D?-2
Removed Pin From Net: NetName=GND Pin=D?-3
Removed Pin From Net: NetName=6V_TX Pin=D?-4
Removed Pin From Net: NetName=GND Pin=D?-5
Removed Pin From Net: NetName=6V_TX Pin=D?-6
Removed Pin From Net: NetName=3V3_DVDD_TX Pin=H3-2
Removed Pin From Net: NetName=3V3 Pin=R51-1
Removed Pin From Net: NetName=NetH2_1 Pin=R68-2
Removed Pin From Net: NetName=GND Pin=T8-2
Removed Member From Class: ClassName=CPLD Member=C5
Removed Member From Class: ClassName=CPLD Member=C203
Removed Member From Class: ClassName=CPLD Member=C211
Removed Member From Class: ClassName=DBoard_conn Member=D8
Change Component Comment : Designator=H2 Old Comment=RX New Comment=LO_LOCK
Change Component Designator: OldDesignator=C9 NewDesignator=C102
Change Component Designator: OldDesignator=C11 NewDesignator=C19
Change Component Designator: OldDesignator=C12 NewDesignator=C15
Change Component Designator: OldDesignator=C75 NewDesignator=C24
Change Component Designator: OldDesignator=C76 NewDesignator=C32
Change Component Designator: OldDesignator=C77 NewDesignator=C30
Change Component Designator: OldDesignator=C78 NewDesignator=C34
Change Component Designator: OldDesignator=C79 NewDesignator=C29
Change Component Designator: OldDesignator=C80 NewDesignator=C33
Change Component Designator: OldDesignator=C81 NewDesignator=C31
Change Component Designator: OldDesignator=C82 NewDesignator=C28
Change Component Designator: OldDesignator=C83 NewDesignator=C27
Change Component Designator: OldDesignator=C84 NewDesignator=C26
Change Component Designator: OldDesignator=C85 NewDesignator=C25
Change Component Designator: OldDesignator=C86 NewDesignator=C38
Change Component Designator: OldDesignator=C87 NewDesignator=C36
Change Component Designator: OldDesignator=C88 NewDesignator=C40
Change Component Designator: OldDesignator=C89 NewDesignator=C35
Change Component Designator: OldDesignator=C90 NewDesignator=C39
Change Component Designator: OldDesignator=C91 NewDesignator=C37
Change Component Designator: OldDesignator=C92 NewDesignator=C48
Change Component Designator: OldDesignator=C93 NewDesignator=C47
Change Component Designator: OldDesignator=C94 NewDesignator=C46
Change Component Designator: OldDesignator=C95 NewDesignator=C45
Change Component Designator: OldDesignator=C96 NewDesignator=C49
Change Component Designator: OldDesignator=C97 NewDesignator=C73
Change Component Designator: OldDesignator=C98 NewDesignator=C72
Change Component Designator: OldDesignator=C99 NewDesignator=C50
Change Component Designator: OldDesignator=C100 NewDesignator=C53
Change Component Designator: OldDesignator=C101 NewDesignator=C52
Change Component Designator: OldDesignator=C102 NewDesignator=C51
Change Component Designator: OldDesignator=C103 NewDesignator=C66
Change Component Designator: OldDesignator=C104 NewDesignator=C69
Change Component Designator: OldDesignator=C105 NewDesignator=C67
Change Component Designator: OldDesignator=C106 NewDesignator=C68
Change Component Designator: OldDesignator=C107 NewDesignator=C71
Change Component Designator: OldDesignator=C108 NewDesignator=C70
Change Component Designator: OldDesignator=C109 NewDesignator=C55
Change Component Designator: OldDesignator=C110 NewDesignator=C54
Change Component Designator: OldDesignator=C111 NewDesignator=C57
Change Component Designator: OldDesignator=C112 NewDesignator=C56
Change Component Designator: OldDesignator=C113 NewDesignator=C43
Change Component Designator: OldDesignator=C114 NewDesignator=C41
Change Component Designator: OldDesignator=C115 NewDesignator=C44
Change Component Designator: OldDesignator=C116 NewDesignator=C42
Change Component Designator: OldDesignator=C117 NewDesignator=C18
Change Component Designator: OldDesignator=C118 NewDesignator=C13
Change Component Designator: OldDesignator=C121 NewDesignator=C14
Change Component Designator: OldDesignator=C122 NewDesignator=C11
Change Component Designator: OldDesignator=C123 NewDesignator=C16
Change Component Designator: OldDesignator=C136 NewDesignator=C79
Change Component Designator: OldDesignator=C137 NewDesignator=C78
Change Component Designator: OldDesignator=C138 NewDesignator=C77
Change Component Designator: OldDesignator=C140 NewDesignator=C74
Change Component Designator: OldDesignator=C142 NewDesignator=C75
Change Component Designator: OldDesignator=C144 NewDesignator=C76
Change Component Designator: OldDesignator=C147 NewDesignator=C81
Change Component Designator: OldDesignator=C148 NewDesignator=C80
Change Component Designator: OldDesignator=C152 NewDesignator=C63
Change Component Designator: OldDesignator=C153 NewDesignator=C62
Change Component Designator: OldDesignator=C154 NewDesignator=C61
Change Component Designator: OldDesignator=C156 NewDesignator=C58
Change Component Designator: OldDesignator=C158 NewDesignator=C59
Change Component Designator: OldDesignator=C160 NewDesignator=C60
Change Component Designator: OldDesignator=C163 NewDesignator=C65
Change Component Designator: OldDesignator=C164 NewDesignator=C64
Change Component Designator: OldDesignator=C173 NewDesignator=C22
Change Component Designator: OldDesignator=C174 NewDesignator=C23
Change Component Designator: OldDesignator=C175 NewDesignator=C135
Change Component Designator: OldDesignator=C176 NewDesignator=C21
Change Component Designator: OldDesignator=C177 NewDesignator=C20
Change Component Designator: OldDesignator=C180 NewDesignator=C122
Change Component Designator: OldDesignator=C181 NewDesignator=C123
Change Component Designator: OldDesignator=C182 NewDesignator=C108
Change Component Designator: OldDesignator=C183 NewDesignator=C109
Change Component Designator: OldDesignator=C184 NewDesignator=C110
Change Component Designator: OldDesignator=C189 NewDesignator=C131
Change Component Designator: OldDesignator=C190 NewDesignator=C132
Change Component Designator: OldDesignator=C194 NewDesignator=C124
Change Component Designator: OldDesignator=C195 NewDesignator=C125
Change Component Designator: OldDesignator=C196 NewDesignator=C114
Change Component Designator: OldDesignator=C197 NewDesignator=C115
Change Component Designator: OldDesignator=C198 NewDesignator=C118
Change Component Designator: OldDesignator=C199 NewDesignator=C119
Change Component Designator: OldDesignator=C200 NewDesignator=C87
Change Component Designator: OldDesignator=C201 NewDesignator=C88
Change Component Designator: OldDesignator=C202 NewDesignator=C89
Change Component Designator: OldDesignator=C202 NewDesignator=C120
Change Component Designator: OldDesignator=C203 NewDesignator=C90
Change Component Designator: OldDesignator=C203 NewDesignator=C121
Change Component Designator: OldDesignator=C204 NewDesignator=C91
Change Component Designator: OldDesignator=C205 NewDesignator=C92
Change Component Designator: OldDesignator=C206 NewDesignator=C93
Change Component Designator: OldDesignator=C207 NewDesignator=C94
Change Component Designator: OldDesignator=C208 NewDesignator=C95
Change Component Designator: OldDesignator=C209 NewDesignator=C96
Change Component Designator: OldDesignator=C210 NewDesignator=C17
Change Component Designator: OldDesignator=C210 NewDesignator=C97
Change Component Designator: OldDesignator=C211 NewDesignator=C12
Change Component Designator: OldDesignator=C211 NewDesignator=C98
Change Component Designator: OldDesignator=C212 NewDesignator=C99
Change Component Designator: OldDesignator=C213 NewDesignator=C100
Change Component Designator: OldDesignator=C214 NewDesignator=C101
Change Component Designator: OldDesignator=C215 NewDesignator=C82
Change Component Designator: OldDesignator=C216 NewDesignator=C83
Change Component Designator: OldDesignator=C217 NewDesignator=C84
Change Component Designator: OldDesignator=C218 NewDesignator=C85
Change Component Designator: OldDesignator=C219 NewDesignator=C86
Change Component Designator: OldDesignator=C? NewDesignator=C103
Change Component Designator: OldDesignator=C? NewDesignator=C104
Change Component Designator: OldDesignator=C? NewDesignator=C105
Change Component Designator: OldDesignator=C? NewDesignator=C106
Change Component Designator: OldDesignator=C? NewDesignator=C107
Change Component Designator: OldDesignator=C? NewDesignator=C111
Change Component Designator: OldDesignator=C? NewDesignator=C112
Change Component Designator: OldDesignator=C? NewDesignator=C113
Change Component Designator: OldDesignator=C? NewDesignator=C126
Change Component Designator: OldDesignator=C? NewDesignator=C127
Change Component Designator: OldDesignator=C? NewDesignator=C128
Change Component Designator: OldDesignator=C? NewDesignator=C129
Change Component Designator: OldDesignator=C? NewDesignator=C130
Change Component Designator: OldDesignator=C? NewDesignator=C133
Change Component Designator: OldDesignator=C? NewDesignator=C134
Change Component Designator: OldDesignator=D16 NewDesignator=D14
Change Component Designator: OldDesignator=D17 NewDesignator=D24
Change Component Designator: OldDesignator=D33 NewDesignator=D18
Change Component Designator: OldDesignator=D34 NewDesignator=D15
Change Component Designator: OldDesignator=D36 NewDesignator=D19
Change Component Designator: OldDesignator=D38 NewDesignator=D20
Change Component Designator: OldDesignator=D40 NewDesignator=D21
Change Component Designator: OldDesignator=D? NewDesignator=D16
Change Component Designator: OldDesignator=D? NewDesignator=D17
Change Component Designator: OldDesignator=D? NewDesignator=D22
Change Component Designator: OldDesignator=K2 NewDesignator=K1
Change Component Designator: OldDesignator=L23 NewDesignator=L9
Change Component Designator: OldDesignator=L24 NewDesignator=L7
Change Component Designator: OldDesignator=L25 NewDesignator=L10
Change Component Designator: OldDesignator=L26 NewDesignator=L8
Change Component Designator: OldDesignator=L27 NewDesignator=L13
Change Component Designator: OldDesignator=L28 NewDesignator=L11
Change Component Designator: OldDesignator=L29 NewDesignator=L14
Change Component Designator: OldDesignator=L30 NewDesignator=L12
Change Component Designator: OldDesignator=L31 NewDesignator=L15
Change Component Designator: OldDesignator=L32 NewDesignator=L17
Change Component Designator: OldDesignator=L33 NewDesignator=L16
Change Component Designator: OldDesignator=L35 NewDesignator=L6
Change Component Designator: OldDesignator=L36 NewDesignator=L4
Change Component Designator: OldDesignator=L37 NewDesignator=L19
Change Component Designator: OldDesignator=L38 NewDesignator=L20
Change Component Designator: OldDesignator=L40 NewDesignator=L5
Change Component Designator: OldDesignator=L41 NewDesignator=L3
Change Component Designator: OldDesignator=L42 NewDesignator=L2
Change Component Designator: OldDesignator=L43 NewDesignator=L1
Change Component Designator: OldDesignator=L? NewDesignator=L18
Change Component Designator: OldDesignator=R31 NewDesignator=R13
Change Component Designator: OldDesignator=R32 NewDesignator=R14
Change Component Designator: OldDesignator=R33 NewDesignator=R16
Change Component Designator: OldDesignator=R34 NewDesignator=R15
Change Component Designator: OldDesignator=R35 NewDesignator=R17
Change Component Designator: OldDesignator=R36 NewDesignator=R19
Change Component Designator: OldDesignator=R37 NewDesignator=R18
Change Component Designator: OldDesignator=R38 NewDesignator=R20
Change Component Designator: OldDesignator=R39 NewDesignator=R22
Change Component Designator: OldDesignator=R40 NewDesignator=R21
Change Component Designator: OldDesignator=R41 NewDesignator=R23
Change Component Designator: OldDesignator=R42 NewDesignator=R27
Change Component Designator: OldDesignator=R43 NewDesignator=R28
Change Component Designator: OldDesignator=R44 NewDesignator=R24
Change Component Designator: OldDesignator=R45 NewDesignator=R25
Change Component Designator: OldDesignator=R46 NewDesignator=R6
Change Component Designator: OldDesignator=R47 NewDesignator=R4
Change Component Designator: OldDesignator=R48 NewDesignator=R2
Change Component Designator: OldDesignator=R49 NewDesignator=R3
Change Component Designator: OldDesignator=R50 NewDesignator=R1
Change Component Designator: OldDesignator=R51 NewDesignator=R5
Change Component Designator: OldDesignator=R53 NewDesignator=R29
Change Component Designator: OldDesignator=R55 NewDesignator=R26
Change Component Designator: OldDesignator=R62 NewDesignator=R11
Change Component Designator: OldDesignator=R63 NewDesignator=R12
Change Component Designator: OldDesignator=R64 NewDesignator=R55
Change Component Designator: OldDesignator=R65 NewDesignator=R52
Change Component Designator: OldDesignator=R66 NewDesignator=R9
Change Component Designator: OldDesignator=R67 NewDesignator=R10
Change Component Designator: OldDesignator=R69 NewDesignator=R7
Change Component Designator: OldDesignator=R70 NewDesignator=R8
Change Component Designator: OldDesignator=R71 NewDesignator=R54
Change Component Designator: OldDesignator=R73 NewDesignator=R42
Change Component Designator: OldDesignator=R74 NewDesignator=R43
Change Component Designator: OldDesignator=R75 NewDesignator=R44
Change Component Designator: OldDesignator=R79 NewDesignator=R31
Change Component Designator: OldDesignator=R80 NewDesignator=R37
Change Component Designator: OldDesignator=R81 NewDesignator=R30
Change Component Designator: OldDesignator=R82 NewDesignator=R32
Change Component Designator: OldDesignator=R84 NewDesignator=R33
Change Component Designator: OldDesignator=R85 NewDesignator=R41
Change Component Designator: OldDesignator=R86 NewDesignator=R39
Change Component Designator: OldDesignator=R87 NewDesignator=R34
Change Component Designator: OldDesignator=R88 NewDesignator=R36
Change Component Designator: OldDesignator=R89 NewDesignator=R35
Change Component Designator: OldDesignator=R90 NewDesignator=R40
Change Component Designator: OldDesignator=R91 NewDesignator=R38
Change Component Designator: OldDesignator=R? NewDesignator=R45
Change Component Designator: OldDesignator=R? NewDesignator=R46
Change Component Designator: OldDesignator=R? NewDesignator=R47
Change Component Designator: OldDesignator=R? NewDesignator=R48
Change Component Designator: OldDesignator=R? NewDesignator=R49
Change Component Designator: OldDesignator=R? NewDesignator=R50
Change Component Designator: OldDesignator=R? NewDesignator=R51
Change Component Designator: OldDesignator=T4 NewDesignator=T1
Change Component Designator: OldDesignator=T5 NewDesignator=T3
Change Component Designator: OldDesignator=T6 NewDesignator=T2
Change Component Designator: OldDesignator=T7 NewDesignator=T4
Change Component Designator: OldDesignator=T9 NewDesignator=T6
Change Component Designator: OldDesignator=Z8 NewDesignator=Z3
Change Component Designator: OldDesignator=Z9 NewDesignator=Z4
Change Component Designator: OldDesignator=Z10 NewDesignator=Z5
Change Component Designator: OldDesignator=Z11 NewDesignator=Z1
Change Component Designator: OldDesignator=Z12 NewDesignator=Z2
Added Component: Designator=C136(C0402)
Add component (AddParameter): Name = "Manufacturer"; Value = "Murata"; VariantName = "[No Variations]"
Add component (AddParameter): Name = "Material"; Value = "X7R"; VariantName = "[No Variations]"
Add component (AddParameter): Name = "P/N"; Value = "GRM155R71E103KA01D"; VariantName = "[No Variations]"
Add component (AddParameter): Name = "Tolerance"; Value = "10%"; VariantName = "[No Variations]"
Add component (AddParameter): Name = "Type"; Value = "Ceramic Capacitor"; VariantName = "[No Variations]"
Add component (AddParameter): Name = "Value"; Value = "10nF"; VariantName = "[No Variations]"
Add component (AddParameter): Name = "Voltage"; Value = "25V"; VariantName = "[No Variations]"
Added Component: Designator=C137(C0402)
Add component (AddParameter): Name = "Manufacturer"; Value = "Murata"; VariantName = "[No Variations]"
Add component (AddParameter): Name = "Material"; Value = "X7R"; VariantName = "[No Variations]"
Add component (AddParameter): Name = "P/N"; Value = "GRM155R71E103KA01D"; VariantName = "[No Variations]"
Add component (AddParameter): Name = "Tolerance"; Value = "10%"; VariantName = "[No Variations]"
Add component (AddParameter): Name = "Type"; Value = "Ceramic Capacitor"; VariantName = "[No Variations]"
Add component (AddParameter): Name = "Value"; Value = "10nF"; VariantName = "[No Variations]"
Add component (AddParameter): Name = "Voltage"; Value = "25V"; VariantName = "[No Variations]"
Added Component: Designator=R53(R0402)
Add component (AddParameter): Name = "Name"; Value = "Chip SMD Resistor"; VariantName = "[No Variations]"
Add component (AddParameter): Name = "P/N"; Value = "ERJ-2GEJ680X"; VariantName = "[No Variations]"
Add component (AddParameter): Name = "Power"; Value = "0.062 Wt"; VariantName = "[No Variations]"
Add component (AddParameter): Name = "Temperature Range"; Value = "-55…155°C"; VariantName = "[No Variations]"
Add component (AddParameter): Name = "Tolerance"; Value = "5%"; VariantName = "[No Variations]"
Add component (AddParameter): Name = "Value"; Value = "68"; VariantName = "[No Variations]"
Added Component: Designator=T5(SOT-23)
Add component (AddParameter): Name = "Channel Resistance"; Value = "5Ohm"; VariantName = "[No Variations]"
Add component (AddParameter): Name = "Current"; Value = "300mA"; VariantName = "[No Variations]"
Add component (AddParameter): Name = "Name"; Value = "2N7002"; VariantName = "[No Variations]"
Add component (AddParameter): Name = "Package"; Value = "SOT-23"; VariantName = "[No Variations]"
Add component (AddParameter): Name = "Power Dissipation"; Value = "0.83W"; VariantName = "[No Variations]"
Add component (AddParameter): Name = "Type"; Value = "SOT-23"; VariantName = "[No Variations]"
Add component (AddParameter): Name = "Voltage"; Value = "60V"; VariantName = "[No Variations]"
Added Pin To Net: NetName=3V3 Pin=C20-1
Added Pin To Net: NetName=3V3 Pin=C21-1
Added Pin To Net: NetName=3V3 Pin=C22-1
Added Pin To Net: NetName=3V3 Pin=C23-1
Added Pin To Net: NetName=5V_CVDD_TX Pin=C46-2
Added Pin To Net: NetName=5V_CVDD_TX Pin=C47-2
Added Pin To Net: NetName=5V_CVDD_TX Pin=C48-1
Added Pin To Net: NetName=3V3_CVDD_TX Pin=C52-1
Added Pin To Net: NetName=3V3_CVDD_TX Pin=C53-2
Added Pin To Net: NetName=3V3_CVDD_TX Pin=C72-2
Added Pin To Net: NetName=3V3_CVDD_TX Pin=C73-2
Added Pin To Net: NetName=5V_QMOD Pin=C123-1
Added Pin To Net: NetName=3V3 Pin=C134-1
Added Pin To Net: NetName=GND Pin=C136-2
Added Pin To Net: NetName=LED_TX Pin=C137-1
Added Pin To Net: NetName=GND Pin=C137-2
Added Pin To Net: NetName=3V3 Pin=D5-8
Added Pin To Net: NetName=3V3 Pin=D6-16
Added Pin To Net: NetName=3V3 Pin=D8-16
Added Pin To Net: NetName=3V3 Pin=D9-8
Added Pin To Net: NetName=3V3 Pin=D13-9
Added Pin To Net: NetName=5V_QMOD Pin=D18-1
Added Pin To Net: NetName=3V3 Pin=D22-1
Added Pin To Net: NetName=3V3 Pin=H1-2
Added Pin To Net: NetName=3V3 Pin=H2-2
Added Pin To Net: NetName=3V3 Pin=H3-2
Added Pin To Net: NetName=5V_CVDD_TX Pin=L15-2
Added Pin To Net: NetName=3V3_CVDD_TX Pin=L16-2
Added Pin To Net: NetName=3V3_CVDD_TX Pin=L17-2
Added Pin To Net: NetName=-3V4_DVSS_RX Pin=R8-1
Added Pin To Net: NetName=-3V4_DVSS_RX Pin=R10-1
Added Pin To Net: NetName=-3V4_DVSS_RX Pin=R12-1
Added Pin To Net: NetName=NetH2_1 Pin=R53-2
Added Pin To Net: NetName=3V3_CVDD_TX Pin=T1-5
Added Pin To Net: NetName=GND Pin=T5-2
Change Net Name : Old Net Name=-3V4_DVSS_RX New Net Name=-3V4_DVSS
Change Net Name : Old Net Name=3V3 New Net Name=3V3_DVDD
Change Net Name : Old Net Name=3V3_CVDD_TX New Net Name=3V3_CVDD
Change Net Name : Old Net Name=5V_AVDD_TX New Net Name=5V_AVDD
Change Net Name : Old Net Name=5V_CVDD_TX New Net Name=5V_CVDD
Change Net Name : Old Net Name=12V_AVDD_TX New Net Name=12V_AVDD
Change Net Name : Old Net Name=NetC11_1 New Net Name=NetC19_1
Change Net Name : Old Net Name=NetC11_2 New Net Name=NetC19_2
Change Net Name : Old Net Name=NetC12_1 New Net Name=NetC15_1
Change Net Name : Old Net Name=NetC12_2 New Net Name=NetC15_2
Change Net Name : Old Net Name=NetC75_1 New Net Name=NetC24_1
Change Net Name : Old Net Name=NetC75_2 New Net Name=NetC24_2
Change Net Name : Old Net Name=NetC76_1 New Net Name=NetC32_1
Change Net Name : Old Net Name=NetC80_2 New Net Name=NetC33_2
Change Net Name : Old Net Name=NetC86_1 New Net Name=NetC38_1
Change Net Name : Old Net Name=NetC90_2 New Net Name=NetC39_2
Change Net Name : Old Net Name=NetC95_1 New Net Name=NetC45_1
Change Net Name : Old Net Name=NetC95_2 New Net Name=NetC45_2
Change Net Name : Old Net Name=NetC96_1 New Net Name=NetC49_1
Change Net Name : Old Net Name=NetC96_2 New Net Name=NetC49_2
Change Net Name : Old Net Name=NetC102_1 New Net Name=NetC51_1
Change Net Name : Old Net Name=NetC103_1 New Net Name=NetC66_1
Change Net Name : Old Net Name=NetC104_1 New Net Name=NetC69_1
Change Net Name : Old Net Name=NetC105_1 New Net Name=NetC67_1
Change Net Name : Old Net Name=NetC106_2 New Net Name=NetC68_2
Change Net Name : Old Net Name=NetC107_2 New Net Name=NetC71_2
Change Net Name : Old Net Name=NetC108_2 New Net Name=NetC70_2
Change Net Name : Old Net Name=NetC109_1 New Net Name=NetC55_1
Change Net Name : Old Net Name=NetC110_2 New Net Name=NetC54_2
Change Net Name : Old Net Name=NetC111_2 New Net Name=NetC57_2
Change Net Name : Old Net Name=NetC112_2 New Net Name=NetC56_2
Change Net Name : Old Net Name=NetC113_1 New Net Name=NetC43_1
Change Net Name : Old Net Name=NetC114_2 New Net Name=NetC41_2
Change Net Name : Old Net Name=NetC115_1 New Net Name=NetC44_1
Change Net Name : Old Net Name=NetC116_2 New Net Name=NetC42_2
Change Net Name : Old Net Name=NetC121_1 New Net Name=NetC14_1
Change Net Name : Old Net Name=NetC121_2 New Net Name=NetC14_2
Change Net Name : Old Net Name=NetC122_1 New Net Name=NetC11_1
Change Net Name : Old Net Name=NetC122_2 New Net Name=NetC11_2
Change Net Name : Old Net Name=NetC137_2 New Net Name=NetC77_2
Change Net Name : Old Net Name=NetC142_1 New Net Name=NetC75_1
Change Net Name : Old Net Name=NetC153_2 New Net Name=NetC61_2
Change Net Name : Old Net Name=NetC158_1 New Net Name=NetC59_1
Change Net Name : Old Net Name=NetC182_1 New Net Name=NetC108_1
Change Net Name : Old Net Name=NetC182_2 New Net Name=NetC108_2
Change Net Name : Old Net Name=NetC184_1 New Net Name=NetC110_1
Change Net Name : Old Net Name=NetC210_2 New Net Name=NetC17_2
Change Net Name : Old Net Name=NetC211_2 New Net Name=NetC12_2
Change Net Name : Old Net Name=NetC?_1 New Net Name=NetC127_1
Change Net Name : Old Net Name=NetC?_2 New Net Name=NetC128_2
Change Net Name : Old Net Name=NetD16_A8 New Net Name=NetD14_A8
Change Net Name : Old Net Name=NetD16_A10 New Net Name=NetD14_A10
Change Net Name : Old Net Name=NetD16_A11 New Net Name=NetD14_A11
Change Net Name : Old Net Name=NetD16_A12 New Net Name=NetD14_A12
Change Net Name : Old Net Name=NetD16_A15 New Net Name=NetD14_A15
Change Net Name : Old Net Name=NetD16_A16 New Net Name=NetD14_A16
Change Net Name : Old Net Name=NetD16_B1 New Net Name=NetD14_B1
Change Net Name : Old Net Name=NetD16_B2 New Net Name=NetD14_B2
Change Net Name : Old Net Name=NetD16_B7 New Net Name=NetD14_B7
Change Net Name : Old Net Name=NetD16_B8 New Net Name=NetD14_B8
Change Net Name : Old Net Name=NetD16_B11 New Net Name=NetD14_B11
Change Net Name : Old Net Name=NetD16_B12 New Net Name=NetD14_B12
Change Net Name : Old Net Name=NetD16_B14 New Net Name=NetD14_B14
Change Net Name : Old Net Name=NetD16_B15 New Net Name=NetD14_B15
Change Net Name : Old Net Name=NetD16_C1 New Net Name=NetD14_C1
Change Net Name : Old Net Name=NetD16_D2 New Net Name=NetD14_D2
Change Net Name : Old Net Name=NetD16_E2 New Net Name=NetD14_E2
Change Net Name : Old Net Name=NetD16_F2 New Net Name=NetD14_F2
Change Net Name : Old Net Name=NetD16_F3 New Net Name=NetD14_F3
Change Net Name : Old Net Name=NetD16_G3 New Net Name=NetD14_G3
Change Net Name : Old Net Name=NetD16_H1 New Net Name=NetD14_H1
Change Net Name : Old Net Name=NetD16_H2 New Net Name=NetD14_H2
Change Net Name : Old Net Name=NetD16_L3 New Net Name=NetD14_L3
Change Net Name : Old Net Name=NetD16_L4 New Net Name=NetD14_L4
Change Net Name : Old Net Name=NetD16_L5 New Net Name=NetD14_L5
Change Net Name : Old Net Name=NetD16_M1 New Net Name=NetD14_M1
Change Net Name : Old Net Name=NetD16_M2 New Net Name=NetD14_M2
Change Net Name : Old Net Name=NetD16_M3 New Net Name=NetD14_M3
Change Net Name : Old Net Name=NetD16_N1 New Net Name=NetD14_N1
Change Net Name : Old Net Name=NetD16_N2 New Net Name=NetD14_N2
Change Net Name : Old Net Name=NetD16_N3 New Net Name=NetD14_N3
Change Net Name : Old Net Name=NetD16_N12 New Net Name=NetD14_N12
Change Net Name : Old Net Name=NetD16_P1 New Net Name=NetD14_P1
Change Net Name : Old Net Name=NetD16_P2 New Net Name=NetD14_P2
Change Net Name : Old Net Name=NetD16_P12 New Net Name=NetD14_P12
Change Net Name : Old Net Name=NetD16_R1 New Net Name=NetD14_R1
Change Net Name : Old Net Name=NetD16_R2 New Net Name=NetD14_R2
Change Net Name : Old Net Name=NetD16_R4 New Net Name=NetD14_R4
Change Net Name : Old Net Name=NetD16_R11 New Net Name=NetD14_R11
Change Net Name : Old Net Name=NetD16_T1 New Net Name=NetD14_T1
Change Net Name : Old Net Name=NetD16_T3 New Net Name=NetD14_T3
Change Net Name : Old Net Name=NetD16_T4 New Net Name=NetD14_T4
Change Net Name : Old Net Name=NetD34_1 New Net Name=NetD15_1
Change Net Name : Old Net Name=NetD34_3 New Net Name=NetD15_3
Change Net Name : Old Net Name=NetD34_4 New Net Name=NetD15_4
Change Net Name : Old Net Name=NetD?_5 New Net Name=NetD17_5
Change Net Name : Old Net Name=NetD?_6 New Net Name=NetD17_6
Change Net Name : Old Net Name=NetK2_1 New Net Name=NetK1_1
Change Net Name : Old Net Name=NetK2_3 New Net Name=NetK1_3
Change Net Name : Old Net Name=NetK2_4 New Net Name=NetK1_4
Change Net Name : Old Net Name=NetL40_2 New Net Name=NetL5_2
Change Net Name : Old Net Name=NetL41_2 New Net Name=NetL3_2
Change Net Name : Old Net Name=NetR31_2 New Net Name=NetR13_2
Change Net Name : Old Net Name=NetR32_2 New Net Name=NetR14_2
Change Net Name : Old Net Name=NetR65_1 New Net Name=NetR52_1
Change Net Name : Old Net Name=NetR71_2 New Net Name=NetR54_2
Change Net Name : Old Net Name=NetT5_6 New Net Name=NetT3_6
Change Net Name : Old Net Name=NetT6_6 New Net Name=NetT2_6
Change Net Name : Old Net Name=PLL1_RX_MUTE New Net Name=PLL1_TX_MUTE
Change Net Color : Old Net Color=RGB(106, 168, 79) New Net Color=Yellow
Change Net Color : Old Net Color=Fuchsia New Net Color=Red
Change Net Color : Old Net Color=Blue New Net Color=Default
Change Net Color : Old Net Color=RGB(158, 161, 117) New Net Color=Aqua
Change Net Color : Old Net Color=RGB(158, 161, 117) New Net Color=Lime
Change Net Color : Old Net Color=RGB(158, 161, 117) New Net Color=RGB(74, 134, 232)
Change Net Color : Old Net Color=Red New Net Color=Default
Change Net Color : Old Net Color=RGB(158, 161, 117) New Net Color=Fuchsia
Change Net Color : Old Net Color=RGB(158, 161, 117) New Net Color=RGB(153, 0, 255)
Added Pin To Net: NetName=3V3 Pin=C16-2
Added Pin To Net: NetName=3V3 Pin=D3-2
Added Pin To Net: NetName=3V3 Pin=R5-1
Added Net: Name=3V3
Added Pin To Net: NetName=NetC128_1 Pin=C128-1
Added Pin To Net: NetName=NetC128_1 Pin=D17-7
Added Net: Name=NetC128_1
Added Pin To Net: NetName=NetC129_1 Pin=C129-1
Added Pin To Net: NetName=NetC129_1 Pin=D17-3
Added Net: Name=NetC129_1
Added Pin To Net: NetName=NetR53_1 Pin=R53-1
Added Pin To Net: NetName=NetR53_1 Pin=T5-3
Added Net: Name=NetR53_1
Added Pin To Net: NetName=PLL1_TX_STAT Pin=C135-1
Added Pin To Net: NetName=PLL1_TX_STAT Pin=D12-3
Added Pin To Net: NetName=PLL1_TX_STAT Pin=T4-1
Added Net: Name=PLL1_TX_STAT
Added Pin To Net: NetName=PLL2_TX_STAT Pin=C136-1
Added Pin To Net: NetName=PLL2_TX_STAT Pin=D13-3
Added Pin To Net: NetName=PLL2_TX_STAT Pin=T5-1
Added Net: Name=PLL2_TX_STAT
Added Member To Class: ClassName=CPLD Member=Component C90 CAP
Added Member To Class: ClassName=CPLD Member=Component C98 CAP
Added Member To Class: ClassName=CPLD Member=Component C99 CAP
Added Member To Class: ClassName=DBoard_conn Member=Component C? CAP
Added Member To Class: ClassName=DBoard_conn Member=Component D24 24LC024
Added Room: Name=CPLD
Added Room: Name=DBoard_conn
