Removed Pin From Net: NetName=GND Pin=C58-2
Removed Pin From Net: NetName=GND Pin=C133-1
Removed Pin From Net: NetName=6V_TX Pin=C133-2
Removed Pin From Net: NetName=GND Pin=XC2-2
Change Component Footprint: Designator=C104 Old Footprint=C0402 New Footprint=C0603
Change Component Footprint: Designator=C106 Old Footprint=C0402 New Footprint=C0603
Change Component Footprint: Designator=C115 Old Footprint=C0402 New Footprint=C0603
Change Component Footprint: Designator=C41 Old Footprint=C0805 New Footprint=C0603
Change Component Footprint: Designator=C42 Old Footprint=C0805 New Footprint=C0603
Change Component Footprint: Designator=C120 Old Footprint=C0805 New Footprint=C0603
Change Component Footprint: Designator=C121 Old Footprint=C0805 New Footprint=C0603
Change Component Footprint: Designator=C122 Old Footprint=C0805 New Footprint=C0603
Change Component Footprint: Designator=C123 Old Footprint=C0805 New Footprint=C0603
Change Component Footprint: Designator=C124 Old Footprint=C0805 New Footprint=C0603
Change Component Footprint: Designator=C125 Old Footprint=C0805 New Footprint=C0603
Change Component Footprint: Designator=C126 Old Footprint=C0805 New Footprint=C0603
Change Component Footprint: Designator=C128 Old Footprint=C0805 New Footprint=C0603
Change Component Footprint: Designator=C131 Old Footprint=C0805 New Footprint=C0603
Change Component Footprint: Designator=C132 Old Footprint=C0805 New Footprint=C0603
Change Component Footprint: Designator=C134 Old Footprint=C0805 New Footprint=C0603
Change Component Footprint: Designator=C133 Old Footprint=C1210 New Footprint=C0603
Change Component Comment : Designator=C133 Old Comment=CAP uF New Comment=CAP
Change component parameters: Designator = "C41" ("C41"); Footprint = "C0805"; UniqueID = "\ENIEEJDY" ("\ENIEEJDY")
Change component parameters (AddParameter): Name = "Manufacturer"; Value = "Murata"; VariantName = "[No Variations]"
Change component parameters (AddParameter): Name = "Material"; Value = "X7R"; VariantName = "[No Variations]"
Change component parameters (AddParameter): Name = "P/N"; Value = "???GRM21BR71A105KA01K"; VariantName = "[No Variations]"
Change component parameters (AddParameter): Name = "Tolerance"; Value = "10%"; VariantName = "[No Variations]"
Change component parameters (AddParameter): Name = "Type"; Value = "Ceramic Capacitor"; VariantName = "[No Variations]"
Change component parameters (AddParameter): Name = "Value"; Value = "1uF"; VariantName = "[No Variations]"
Change component parameters (AddParameter): Name = "Voltage"; Value = "10V"; VariantName = "[No Variations]"
Change component parameters: Designator = "C42" ("C42"); Footprint = "C0805"; UniqueID = "\NCSUANJE" ("\NCSUANJE")
Change component parameters (AddParameter): Name = "Manufacturer"; Value = "Murata"; VariantName = "[No Variations]"
Change component parameters (AddParameter): Name = "Material"; Value = "X7R"; VariantName = "[No Variations]"
Change component parameters (AddParameter): Name = "P/N"; Value = "???GRM21BR71A105KA01K"; VariantName = "[No Variations]"
Change component parameters (AddParameter): Name = "Tolerance"; Value = "10%"; VariantName = "[No Variations]"
Change component parameters (AddParameter): Name = "Type"; Value = "Ceramic Capacitor"; VariantName = "[No Variations]"
Change component parameters (AddParameter): Name = "Value"; Value = "1uF"; VariantName = "[No Variations]"
Change component parameters (AddParameter): Name = "Voltage"; Value = "10V"; VariantName = "[No Variations]"
Change component parameters: Designator = "C59" ("C59"); Footprint = "C0603"; UniqueID = "\YVMHTWDH" ("\YVMHTWDH")
Change component parameters (AddParameter): Name = "Manufacturer"; Value = "Murata"; VariantName = "[No Variations]"
Change component parameters (AddParameter): Name = "Material"; Value = "X7R"; VariantName = "[No Variations]"
Change component parameters (AddParameter): Name = "P/N"; Value = "???GRM21BR71A105KA01K"; VariantName = "[No Variations]"
Change component parameters (AddParameter): Name = "Tolerance"; Value = "10%"; VariantName = "[No Variations]"
Change component parameters (AddParameter): Name = "Type"; Value = "Ceramic Capacitor"; VariantName = "[No Variations]"
Change component parameters (AddParameter): Name = "Value"; Value = "1uF"; VariantName = "[No Variations]"
Change component parameters (AddParameter): Name = "Voltage"; Value = "10V"; VariantName = "[No Variations]"
Change component parameters: Designator = "C62" ("C62"); Footprint = "C0603"; UniqueID = "\RAALEWEW" ("\RAALEWEW")
Change component parameters (AddParameter): Name = "Manufacturer"; Value = "Murata"; VariantName = "[No Variations]"
Change component parameters (AddParameter): Name = "Material"; Value = "X7R"; VariantName = "[No Variations]"
Change component parameters (AddParameter): Name = "P/N"; Value = "???GRM21BR71A105KA01K"; VariantName = "[No Variations]"
Change component parameters (AddParameter): Name = "Tolerance"; Value = "10%"; VariantName = "[No Variations]"
Change component parameters (AddParameter): Name = "Type"; Value = "Ceramic Capacitor"; VariantName = "[No Variations]"
Change component parameters (AddParameter): Name = "Value"; Value = "1uF"; VariantName = "[No Variations]"
Change component parameters (AddParameter): Name = "Voltage"; Value = "10V"; VariantName = "[No Variations]"
Change component parameters: Designator = "C69" ("C69"); Footprint = "C0603"; UniqueID = "\PDPKAFOJ" ("\PDPKAFOJ")
Change component parameters (AddParameter): Name = "Manufacturer"; Value = "Murata"; VariantName = "[No Variations]"
Change component parameters (AddParameter): Name = "Material"; Value = "X7R"; VariantName = "[No Variations]"
Change component parameters (AddParameter): Name = "P/N"; Value = "???GRM21BR71A105KA01K"; VariantName = "[No Variations]"
Change component parameters (AddParameter): Name = "Tolerance"; Value = "10%"; VariantName = "[No Variations]"
Change component parameters (AddParameter): Name = "Type"; Value = "Ceramic Capacitor"; VariantName = "[No Variations]"
Change component parameters (AddParameter): Name = "Value"; Value = "1uF"; VariantName = "[No Variations]"
Change component parameters (AddParameter): Name = "Voltage"; Value = "10V"; VariantName = "[No Variations]"
Change component parameters: Designator = "C75" ("C75"); Footprint = "C0603"; UniqueID = "\BYRPIFEY" ("\BYRPIFEY")
Change component parameters (AddParameter): Name = "Manufacturer"; Value = "Murata"; VariantName = "[No Variations]"
Change component parameters (AddParameter): Name = "Material"; Value = "X7R"; VariantName = "[No Variations]"
Change component parameters (AddParameter): Name = "P/N"; Value = "???GRM21BR71A105KA01K"; VariantName = "[No Variations]"
Change component parameters (AddParameter): Name = "Tolerance"; Value = "10%"; VariantName = "[No Variations]"
Change component parameters (AddParameter): Name = "Type"; Value = "Ceramic Capacitor"; VariantName = "[No Variations]"
Change component parameters (AddParameter): Name = "Value"; Value = "1uF"; VariantName = "[No Variations]"
Change component parameters (AddParameter): Name = "Voltage"; Value = "10V"; VariantName = "[No Variations]"
Change component parameters: Designator = "C78" ("C78"); Footprint = "C0603"; UniqueID = "\COHMBXQE" ("\COHMBXQE")
Change component parameters (AddParameter): Name = "Manufacturer"; Value = "Murata"; VariantName = "[No Variations]"
Change component parameters (AddParameter): Name = "Material"; Value = "X7R"; VariantName = "[No Variations]"
Change component parameters (AddParameter): Name = "P/N"; Value = "???GRM21BR71A105KA01K"; VariantName = "[No Variations]"
Change component parameters (AddParameter): Name = "Tolerance"; Value = "10%"; VariantName = "[No Variations]"
Change component parameters (AddParameter): Name = "Type"; Value = "Ceramic Capacitor"; VariantName = "[No Variations]"
Change component parameters (AddParameter): Name = "Value"; Value = "1uF"; VariantName = "[No Variations]"
Change component parameters (AddParameter): Name = "Voltage"; Value = "10V"; VariantName = "[No Variations]"
Change component parameters: Designator = "C104" ("C104"); Footprint = "C0402"; UniqueID = "\ZQFRQTES" ("\ZQFRQTES")
Change component parameters (AddParameter): Name = "Manufacturer"; Value = "Murata"; VariantName = "[No Variations]"
Change component parameters (AddParameter): Name = "Material"; Value = "X7R"; VariantName = "[No Variations]"
Change component parameters (AddParameter): Name = "P/N"; Value = "GRM188R71H221KA01D"; VariantName = "[No Variations]"
Change component parameters (AddParameter): Name = "Tolerance"; Value = "10%"; VariantName = "[No Variations]"
Change component parameters (AddParameter): Name = "Type"; Value = "Ceramic Capacitor"; VariantName = "[No Variations]"
Change component parameters (AddParameter): Name = "Value"; Value = "220pF"; VariantName = "[No Variations]"
Change component parameters (AddParameter): Name = "Voltage"; Value = "50V"; VariantName = "[No Variations]"
Change component parameters: Designator = "C106" ("C106"); Footprint = "C0402"; UniqueID = "\WBZEDEFJ" ("\WBZEDEFJ")
Change component parameters (AddParameter): Name = "Manufacturer"; Value = "Murata"; VariantName = "[No Variations]"
Change component parameters (AddParameter): Name = "Material"; Value = "X7R"; VariantName = "[No Variations]"
Change component parameters (AddParameter): Name = "P/N"; Value = "GRM188R71H221KA01D"; VariantName = "[No Variations]"
Change component parameters (AddParameter): Name = "Tolerance"; Value = "10%"; VariantName = "[No Variations]"
Change component parameters (AddParameter): Name = "Type"; Value = "Ceramic Capacitor"; VariantName = "[No Variations]"
Change component parameters (AddParameter): Name = "Value"; Value = "220pF"; VariantName = "[No Variations]"
Change component parameters (AddParameter): Name = "Voltage"; Value = "50V"; VariantName = "[No Variations]"
Change component parameters: Designator = "C115" ("C115"); Footprint = "C0402"; UniqueID = "\MHAAXPIV" ("\MHAAXPIV")
Change component parameters (AddParameter): Name = "Manufacturer"; Value = "Murata"; VariantName = "[No Variations]"
Change component parameters (AddParameter): Name = "Material"; Value = "X7R"; VariantName = "[No Variations]"
Change component parameters (AddParameter): Name = "P/N"; Value = "GRM188R71H221KA01D"; VariantName = "[No Variations]"
Change component parameters (AddParameter): Name = "Tolerance"; Value = "10%"; VariantName = "[No Variations]"
Change component parameters (AddParameter): Name = "Type"; Value = "Ceramic Capacitor"; VariantName = "[No Variations]"
Change component parameters (AddParameter): Name = "Value"; Value = "220pF"; VariantName = "[No Variations]"
Change component parameters (AddParameter): Name = "Voltage"; Value = "50V"; VariantName = "[No Variations]"
Change component parameters: Designator = "C120" ("C120"); Footprint = "C0805"; UniqueID = "\VSKZKLPU" ("\VSKZKLPU")
Change component parameters (AddParameter): Name = "Manufacturer"; Value = "Murata"; VariantName = "[No Variations]"
Change component parameters (AddParameter): Name = "Material"; Value = "X7R"; VariantName = "[No Variations]"
Change component parameters (AddParameter): Name = "P/N"; Value = "???GRM21BR71A105KA01K"; VariantName = "[No Variations]"
Change component parameters (AddParameter): Name = "Tolerance"; Value = "10%"; VariantName = "[No Variations]"
Change component parameters (AddParameter): Name = "Type"; Value = "Ceramic Capacitor"; VariantName = "[No Variations]"
Change component parameters (AddParameter): Name = "Value"; Value = "1uF"; VariantName = "[No Variations]"
Change component parameters (AddParameter): Name = "Voltage"; Value = "10V"; VariantName = "[No Variations]"
Change component parameters: Designator = "C121" ("C121"); Footprint = "C0805"; UniqueID = "\OMWFLHMT" ("\OMWFLHMT")
Change component parameters (AddParameter): Name = "Manufacturer"; Value = "Murata"; VariantName = "[No Variations]"
Change component parameters (AddParameter): Name = "Material"; Value = "X7R"; VariantName = "[No Variations]"
Change component parameters (AddParameter): Name = "P/N"; Value = "???GRM21BR71A105KA01K"; VariantName = "[No Variations]"
Change component parameters (AddParameter): Name = "Tolerance"; Value = "10%"; VariantName = "[No Variations]"
Change component parameters (AddParameter): Name = "Type"; Value = "Ceramic Capacitor"; VariantName = "[No Variations]"
Change component parameters (AddParameter): Name = "Value"; Value = "1uF"; VariantName = "[No Variations]"
Change component parameters (AddParameter): Name = "Voltage"; Value = "10V"; VariantName = "[No Variations]"
Change component parameters: Designator = "C122" ("C122"); Footprint = "C0805"; UniqueID = "\LNOBOOFW" ("\LNOBOOFW")
Change component parameters (AddParameter): Name = "Manufacturer"; Value = "Murata"; VariantName = "[No Variations]"
Change component parameters (AddParameter): Name = "Material"; Value = "X7R"; VariantName = "[No Variations]"
Change component parameters (AddParameter): Name = "P/N"; Value = "???GRM21BR71A105KA01K"; VariantName = "[No Variations]"
Change component parameters (AddParameter): Name = "Tolerance"; Value = "10%"; VariantName = "[No Variations]"
Change component parameters (AddParameter): Name = "Type"; Value = "Ceramic Capacitor"; VariantName = "[No Variations]"
Change component parameters (AddParameter): Name = "Value"; Value = "1uF"; VariantName = "[No Variations]"
Change component parameters (AddParameter): Name = "Voltage"; Value = "10V"; VariantName = "[No Variations]"
Change component parameters: Designator = "C123" ("C123"); Footprint = "C0805"; UniqueID = "\OGYUCHIU" ("\OGYUCHIU")
Change component parameters (AddParameter): Name = "Manufacturer"; Value = "Murata"; VariantName = "[No Variations]"
Change component parameters (AddParameter): Name = "Material"; Value = "X7R"; VariantName = "[No Variations]"
Change component parameters (AddParameter): Name = "P/N"; Value = "???GRM21BR71A105KA01K"; VariantName = "[No Variations]"
Change component parameters (AddParameter): Name = "Tolerance"; Value = "10%"; VariantName = "[No Variations]"
Change component parameters (AddParameter): Name = "Type"; Value = "Ceramic Capacitor"; VariantName = "[No Variations]"
Change component parameters (AddParameter): Name = "Value"; Value = "1uF"; VariantName = "[No Variations]"
Change component parameters (AddParameter): Name = "Voltage"; Value = "10V"; VariantName = "[No Variations]"
Change component parameters: Designator = "C124" ("C124"); Footprint = "C0805"; UniqueID = "\KLCGGXET" ("\KLCGGXET")
Change component parameters (AddParameter): Name = "Manufacturer"; Value = "Murata"; VariantName = "[No Variations]"
Change component parameters (AddParameter): Name = "Material"; Value = "X7R"; VariantName = "[No Variations]"
Change component parameters (AddParameter): Name = "P/N"; Value = "???GRM21BR71A105KA01K"; VariantName = "[No Variations]"
Change component parameters (AddParameter): Name = "Tolerance"; Value = "10%"; VariantName = "[No Variations]"
Change component parameters (AddParameter): Name = "Type"; Value = "Ceramic Capacitor"; VariantName = "[No Variations]"
Change component parameters (AddParameter): Name = "Value"; Value = "1uF"; VariantName = "[No Variations]"
Change component parameters (AddParameter): Name = "Voltage"; Value = "10V"; VariantName = "[No Variations]"
Change component parameters: Designator = "C125" ("C125"); Footprint = "C0805"; UniqueID = "\BFBBRLWD" ("\BFBBRLWD")
Change component parameters (AddParameter): Name = "Manufacturer"; Value = "Murata"; VariantName = "[No Variations]"
Change component parameters (AddParameter): Name = "Material"; Value = "X7R"; VariantName = "[No Variations]"
Change component parameters (AddParameter): Name = "P/N"; Value = "???GRM21BR71A105KA01K"; VariantName = "[No Variations]"
Change component parameters (AddParameter): Name = "Tolerance"; Value = "10%"; VariantName = "[No Variations]"
Change component parameters (AddParameter): Name = "Type"; Value = "Ceramic Capacitor"; VariantName = "[No Variations]"
Change component parameters (AddParameter): Name = "Value"; Value = "1uF"; VariantName = "[No Variations]"
Change component parameters (AddParameter): Name = "Voltage"; Value = "10V"; VariantName = "[No Variations]"
Change component parameters: Designator = "C126" ("C126"); Footprint = "C0805"; UniqueID = "\IOLRQTNQ" ("\IOLRQTNQ")
Change component parameters (AddParameter): Name = "Manufacturer"; Value = "Murata"; VariantName = "[No Variations]"
Change component parameters (AddParameter): Name = "Material"; Value = "X7R"; VariantName = "[No Variations]"
Change component parameters (AddParameter): Name = "P/N"; Value = "???GRM21BR71A105KA01K"; VariantName = "[No Variations]"
Change component parameters (AddParameter): Name = "Tolerance"; Value = "10%"; VariantName = "[No Variations]"
Change component parameters (AddParameter): Name = "Type"; Value = "Ceramic Capacitor"; VariantName = "[No Variations]"
Change component parameters (AddParameter): Name = "Value"; Value = "1uF"; VariantName = "[No Variations]"
Change component parameters (AddParameter): Name = "Voltage"; Value = "10V"; VariantName = "[No Variations]"
Change component parameters: Designator = "C128" ("C128"); Footprint = "C0805"; UniqueID = "\FVXBPCPY" ("\FVXBPCPY")
Change component parameters (AddParameter): Name = "Manufacturer"; Value = "Murata"; VariantName = "[No Variations]"
Change component parameters (AddParameter): Name = "Material"; Value = "X7R"; VariantName = "[No Variations]"
Change component parameters (AddParameter): Name = "P/N"; Value = "???GRM21BR71A105KA01K"; VariantName = "[No Variations]"
Change component parameters (AddParameter): Name = "Tolerance"; Value = "10%"; VariantName = "[No Variations]"
Change component parameters (AddParameter): Name = "Type"; Value = "Ceramic Capacitor"; VariantName = "[No Variations]"
Change component parameters (AddParameter): Name = "Value"; Value = "1uF"; VariantName = "[No Variations]"
Change component parameters (AddParameter): Name = "Voltage"; Value = "10V"; VariantName = "[No Variations]"
Change component parameters: Designator = "C131" ("C131"); Footprint = "C0805"; UniqueID = "\JKOYXUTU" ("\JKOYXUTU")
Change component parameters (AddParameter): Name = "Manufacturer"; Value = "Murata"; VariantName = "[No Variations]"
Change component parameters (AddParameter): Name = "Material"; Value = "X7R"; VariantName = "[No Variations]"
Change component parameters (AddParameter): Name = "P/N"; Value = "???GRM21BR71A105KA01K"; VariantName = "[No Variations]"
Change component parameters (AddParameter): Name = "Tolerance"; Value = "10%"; VariantName = "[No Variations]"
Change component parameters (AddParameter): Name = "Type"; Value = "Ceramic Capacitor"; VariantName = "[No Variations]"
Change component parameters (AddParameter): Name = "Value"; Value = "1uF"; VariantName = "[No Variations]"
Change component parameters (AddParameter): Name = "Voltage"; Value = "10V"; VariantName = "[No Variations]"
Change component parameters: Designator = "C132" ("C132"); Footprint = "C0805"; UniqueID = "\ETRKRMLN" ("\ETRKRMLN")
Change component parameters (AddParameter): Name = "Manufacturer"; Value = "Murata"; VariantName = "[No Variations]"
Change component parameters (AddParameter): Name = "Material"; Value = "X7R"; VariantName = "[No Variations]"
Change component parameters (AddParameter): Name = "P/N"; Value = "???GRM21BR71A105KA01K"; VariantName = "[No Variations]"
Change component parameters (AddParameter): Name = "Tolerance"; Value = "10%"; VariantName = "[No Variations]"
Change component parameters (AddParameter): Name = "Type"; Value = "Ceramic Capacitor"; VariantName = "[No Variations]"
Change component parameters (AddParameter): Name = "Value"; Value = "1uF"; VariantName = "[No Variations]"
Change component parameters (AddParameter): Name = "Voltage"; Value = "10V"; VariantName = "[No Variations]"
Change component parameters: Designator = "C134" ("C134"); Footprint = "C0805"; UniqueID = "\ZEMUOEGT" ("\ZEMUOEGT")
Change component parameters (AddParameter): Name = "Manufacturer"; Value = "Murata"; VariantName = "[No Variations]"
Change component parameters (AddParameter): Name = "Material"; Value = "X7R"; VariantName = "[No Variations]"
Change component parameters (AddParameter): Name = "P/N"; Value = "???GRM21BR71A105KA01K"; VariantName = "[No Variations]"
Change component parameters (AddParameter): Name = "Tolerance"; Value = "10%"; VariantName = "[No Variations]"
Change component parameters (AddParameter): Name = "Type"; Value = "Ceramic Capacitor"; VariantName = "[No Variations]"
Change component parameters (AddParameter): Name = "Value"; Value = "1uF"; VariantName = "[No Variations]"
Change component parameters (AddParameter): Name = "Voltage"; Value = "10V"; VariantName = "[No Variations]"
Change component parameters: Designator = "C133" ("C133"); Footprint = "C1210"; UniqueID = "\QCYIDIAB" ("\QCYIDIAB")
Change component parameters (AddParameter): Name = "Manufacturer"; Value = "Murata"; VariantName = "[No Variations]"
Change component parameters (AddParameter): Name = "Material"; Value = "X7R"; VariantName = "[No Variations]"
Change component parameters (AddParameter): Name = "P/N"; Value = "???GRM21BR71A105KA01K"; VariantName = "[No Variations]"
Change component parameters (AddParameter): Name = "Tolerance"; Value = "10%"; VariantName = "[No Variations]"
Change component parameters (AddParameter): Name = "Type"; Value = "Ceramic Capacitor"; VariantName = "[No Variations]"
Change component parameters (AddParameter): Name = "Value"; Value = "1uF"; VariantName = "[No Variations]"
Change component parameters (AddParameter): Name = "Voltage"; Value = "10V"; VariantName = "[No Variations]"
Added Pin To Net: NetName=6V_TX Pin=C133-1
Added Pin To Net: NetName=GND Pin=C133-2
Added Pin To Net: NetName=AGND Pin=C58-2
Added Pin To Net: NetName=AGND Pin=XC2-2
Added Net: Name=AGND
Added Member To Class: ClassName=DBoard_conn Member=Component C? CAP
Added Room: Name=CPLD
Added Room: Name=DBoard_conn
