Removed Pin From Net: NetName=AGND Pin=C136-1
Removed Pin From Net: NetName=AGND Pin=C137-1
Removed Pin From Net: NetName=AGND Pin=C138-1
Removed Pin From Net: NetName=AGND Pin=C140-2
Removed Pin From Net: NetName=AGND Pin=C142-2
Removed Pin From Net: NetName=AGND Pin=C147-1
Removed Pin From Net: NetName=AGND Pin=C148-1
Removed Pin From Net: NetName=AGND Pin=C152-1
Removed Pin From Net: NetName=AGND Pin=C153-1
Removed Pin From Net: NetName=AGND Pin=C154-1
Removed Pin From Net: NetName=AGND Pin=C163-1
Removed Pin From Net: NetName=AGND Pin=C164-1
Removed Pin From Net: NetName=3V3_DVDD_RX Pin=C176-1
Removed Pin From Net: NetName=3V3_DVDD_RX Pin=C177-1
Removed Pin From Net: NetName=6V_TX Pin=C183-1
Removed Pin From Net: NetName=GND Pin=C185-1
Removed Pin From Net: NetName=GND Pin=C186-1
Removed Pin From Net: NetName=3V3_DVDD_RX Pin=D15-9
Removed Pin From Net: NetName=AGND Pin=D15-10
Removed Pin From Net: NetName=AGND Pin=D15-17
Removed Pin From Net: NetName=AGND Pin=D15-21
Removed Pin From Net: NetName=AGND Pin=D15-23
Removed Pin From Net: NetName=AGND Pin=D15-29
Removed Pin From Net: NetName=3V3_DVDD_RX Pin=D19-16
Removed Pin From Net: NetName=AGND Pin=D24-10
Removed Pin From Net: NetName=AGND Pin=D24-17
Removed Pin From Net: NetName=AGND Pin=D24-21
Removed Pin From Net: NetName=AGND Pin=D24-23
Removed Pin From Net: NetName=AGND Pin=D24-29
Removed Pin From Net: NetName=3V3_DVDD_RX Pin=D25-8
Removed Pin From Net: NetName=6V_TX Pin=D34-12
Removed Pin From Net: NetName=3V3_DVDD_RX Pin=H1-2
Removed Pin From Net: NetName=3V3_DVDD_RX Pin=H2-2
Removed Pin From Net: NetName=6V_TX Pin=L37-1
Removed Pin From Net: NetName=GND Pin=L39-1
Removed Pin From Net: NetName=AGND Pin=L39-2
Removed Pin From Net: NetName=-3V4_DVSS_RX Pin=R63-1
Removed Pin From Net: NetName=GND Pin=R76-1
Removed Pin From Net: NetName=6V_TX Pin=X1-4
Removed Pin From Net: NetName=6V_TX Pin=X1-6
Added Component: Designator=C?(C1210)
Add component (AddParameter): Name = "Manufacturer"; Value = "Murata"; VariantName = "[No Variations]"
Add component (AddParameter): Name = "Material"; Value = "X5R"; VariantName = "[No Variations]"
Add component (AddParameter): Name = "P/N"; Value = "GRM32ER60J107ME20L"; VariantName = "[No Variations]"
Add component (AddParameter): Name = "Tolerance"; Value = "20%"; VariantName = "[No Variations]"
Add component (AddParameter): Name = "Type"; Value = "Ceramic Capacitor"; VariantName = "[No Variations]"
Add component (AddParameter): Name = "Value"; Value = "100uF"; VariantName = "[No Variations]"
Add component (AddParameter): Name = "Voltage"; Value = "6.3V"; VariantName = "[No Variations]"
Added Component: Designator=C?(C0805)
Add component (AddParameter): Name = "Manufacturer"; Value = "Murata"; VariantName = "[No Variations]"
Add component (AddParameter): Name = "Material"; Value = "X5R"; VariantName = "[No Variations]"
Add component (AddParameter): Name = "P/N"; Value = "GRM21BR61C106KE15K"; VariantName = "[No Variations]"
Add component (AddParameter): Name = "Tolerance"; Value = "±10%"; VariantName = "[No Variations]"
Add component (AddParameter): Name = "Type"; Value = "Ceramic Capacitor"; VariantName = "[No Variations]"
Add component (AddParameter): Name = "Value"; Value = "10uF"; VariantName = "[No Variations]"
Add component (AddParameter): Name = "Voltage"; Value = "16V"; VariantName = "[No Variations]"
Added Component: Designator=C?(C0805)
Add component (AddParameter): Name = "Manufacturer"; Value = "Murata"; VariantName = "[No Variations]"
Add component (AddParameter): Name = "Material"; Value = "X5R"; VariantName = "[No Variations]"
Add component (AddParameter): Name = "P/N"; Value = "GRM21BR61C226ME44L"; VariantName = "[No Variations]"
Add component (AddParameter): Name = "Tolerance"; Value = "±20%"; VariantName = "[No Variations]"
Add component (AddParameter): Name = "Type"; Value = "Ceramic Capacitor"; VariantName = "[No Variations]"
Add component (AddParameter): Name = "Value"; Value = "22uF"; VariantName = "[No Variations]"
Add component (AddParameter): Name = "Voltage"; Value = "16V"; VariantName = "[No Variations]"
Added Component: Designator=C?(C0402)
Add component (AddParameter): Name = "Manufacturer"; Value = "Murata"; VariantName = "[No Variations]"
Add component (AddParameter): Name = "Material"; Value = "X7R"; VariantName = "[No Variations]"
Add component (AddParameter): Name = "P/N"; Value = "GCM155R71H223KA55D"; VariantName = "[No Variations]"
Add component (AddParameter): Name = "Tolerance"; Value = "10%"; VariantName = "[No Variations]"
Add component (AddParameter): Name = "Type"; Value = "Ceramic Capacitor"; VariantName = "[No Variations]"
Add component (AddParameter): Name = "Value"; Value = "22nF"; VariantName = "[No Variations]"
Add component (AddParameter): Name = "Voltage"; Value = "50V"; VariantName = "[No Variations]"
Added Component: Designator=C?(C0603)
Add component (AddParameter): Name = "Manufacturer"; Value = "Murata"; VariantName = "[No Variations]"
Add component (AddParameter): Name = "Material"; Value = "X7R"; VariantName = "[No Variations]"
Add component (AddParameter): Name = "P/N"; Value = "GRM188R71H221KA01D"; VariantName = "[No Variations]"
Add component (AddParameter): Name = "Tolerance"; Value = "10%"; VariantName = "[No Variations]"
Add component (AddParameter): Name = "Type"; Value = "Ceramic Capacitor"; VariantName = "[No Variations]"
Add component (AddParameter): Name = "Value"; Value = "220pF"; VariantName = "[No Variations]"
Add component (AddParameter): Name = "Voltage"; Value = "50V"; VariantName = "[No Variations]"
Added Component: Designator=C?(C0805)
Add component (AddParameter): Name = "Manufacturer"; Value = "Murata"; VariantName = "[No Variations]"
Add component (AddParameter): Name = "Material"; Value = "X7R"; VariantName = "[No Variations]"
Add component (AddParameter): Name = "P/N"; Value = "GRM21BR71A105KA01K"; VariantName = "[No Variations]"
Add component (AddParameter): Name = "Tolerance"; Value = "10%"; VariantName = "[No Variations]"
Add component (AddParameter): Name = "Type"; Value = "Ceramic Capacitor"; VariantName = "[No Variations]"
Add component (AddParameter): Name = "Value"; Value = "1uF"; VariantName = "[No Variations]"
Add component (AddParameter): Name = "Voltage"; Value = "10V"; VariantName = "[No Variations]"
Added Component: Designator=C?(C0603)
Add component (AddParameter): Name = "Manufacturer"; Value = "Murata"; VariantName = "[No Variations]"
Add component (AddParameter): Name = "Material"; Value = "X5R"; VariantName = "[No Variations]"
Add component (AddParameter): Name = "P/N"; Value = "GRM188R61E225KA12D"; VariantName = "[No Variations]"
Add component (AddParameter): Name = "Tolerance"; Value = "10%"; VariantName = "[No Variations]"
Add component (AddParameter): Name = "Type"; Value = "Ceramic Capacitor"; VariantName = "[No Variations]"
Add component (AddParameter): Name = "Value"; Value = "2.2uF"; VariantName = "[No Variations]"
Add component (AddParameter): Name = "Voltage"; Value = "25V"; VariantName = "[No Variations]"
Added Component: Designator=C?(C0603)
Add component (AddParameter): Name = "Manufacturer"; Value = "Murata"; VariantName = "[No Variations]"
Add component (AddParameter): Name = "Material"; Value = "X7R"; VariantName = "[No Variations]"
Add component (AddParameter): Name = "P/N"; Value = "GRM188R71H221KA01D"; VariantName = "[No Variations]"
Add component (AddParameter): Name = "Tolerance"; Value = "10%"; VariantName = "[No Variations]"
Add component (AddParameter): Name = "Type"; Value = "Ceramic Capacitor"; VariantName = "[No Variations]"
Add component (AddParameter): Name = "Value"; Value = "220pF"; VariantName = "[No Variations]"
Add component (AddParameter): Name = "Voltage"; Value = "50V"; VariantName = "[No Variations]"
Added Component: Designator=C?(C0805)
Add component (AddParameter): Name = "Manufacturer"; Value = "Murata"; VariantName = "[No Variations]"
Add component (AddParameter): Name = "Material"; Value = "X7R"; VariantName = "[No Variations]"
Add component (AddParameter): Name = "P/N"; Value = "GRM21BR71A105KA01K"; VariantName = "[No Variations]"
Add component (AddParameter): Name = "Tolerance"; Value = "10%"; VariantName = "[No Variations]"
Add component (AddParameter): Name = "Type"; Value = "Ceramic Capacitor"; VariantName = "[No Variations]"
Add component (AddParameter): Name = "Value"; Value = "1uF"; VariantName = "[No Variations]"
Add component (AddParameter): Name = "Voltage"; Value = "10V"; VariantName = "[No Variations]"
Added Component: Designator=C?(C0603)
Add component (AddParameter): Name = "Manufacturer"; Value = "Murata"; VariantName = "[No Variations]"
Add component (AddParameter): Name = "Material"; Value = "X5R"; VariantName = "[No Variations]"
Add component (AddParameter): Name = "P/N"; Value = "GRM188R61C475KAAJD"; VariantName = "[No Variations]"
Add component (AddParameter): Name = "Tolerance"; Value = "10%"; VariantName = "[No Variations]"
Add component (AddParameter): Name = "Type"; Value = "Ceramic Capacitor"; VariantName = "[No Variations]"
Add component (AddParameter): Name = "Value"; Value = "4.7uF"; VariantName = "[No Variations]"
Add component (AddParameter): Name = "Voltage"; Value = "16V"; VariantName = "[No Variations]"
Added Component: Designator=C?(C0402)
Add component (AddParameter): Name = "Manufacturer"; Value = "Murata"; VariantName = "[No Variations]"
Add component (AddParameter): Name = "Material"; Value = "X7R"; VariantName = "[No Variations]"
Add component (AddParameter): Name = "P/N"; Value = "GRM155R71C104KA88J"; VariantName = "[No Variations]"
Add component (AddParameter): Name = "Tolerance"; Value = "10%"; VariantName = "[No Variations]"
Add component (AddParameter): Name = "Type"; Value = "Ceramic Capacitor"; VariantName = "[No Variations]"
Add component (AddParameter): Name = "Value"; Value = "0.1uF"; VariantName = "[No Variations]"
Add component (AddParameter): Name = "Voltage"; Value = "16V"; VariantName = "[No Variations]"
Added Component: Designator=C?(C0805)
Add component (AddParameter): Name = "Manufacturer"; Value = "Murata"; VariantName = "[No Variations]"
Add component (AddParameter): Name = "Material"; Value = "X5R"; VariantName = "[No Variations]"
Add component (AddParameter): Name = "P/N"; Value = "GRM21BR61C106KE15K"; VariantName = "[No Variations]"
Add component (AddParameter): Name = "Tolerance"; Value = "±10%"; VariantName = "[No Variations]"
Add component (AddParameter): Name = "Type"; Value = "Ceramic Capacitor"; VariantName = "[No Variations]"
Add component (AddParameter): Name = "Value"; Value = "10uF"; VariantName = "[No Variations]"
Add component (AddParameter): Name = "Voltage"; Value = "16V"; VariantName = "[No Variations]"
Added Component: Designator=C?(C0402)
Add component (AddParameter): Name = "Manufacturer"; Value = "Murata"; VariantName = "[No Variations]"
Add component (AddParameter): Name = "Material"; Value = "X7R"; VariantName = "[No Variations]"
Add component (AddParameter): Name = "P/N"; Value = "GRM155R71C104KA88J"; VariantName = "[No Variations]"
Add component (AddParameter): Name = "Tolerance"; Value = "10%"; VariantName = "[No Variations]"
Add component (AddParameter): Name = "Type"; Value = "Ceramic Capacitor"; VariantName = "[No Variations]"
Add component (AddParameter): Name = "Value"; Value = "0.1uF"; VariantName = "[No Variations]"
Add component (AddParameter): Name = "Voltage"; Value = "16V"; VariantName = "[No Variations]"
Added Component: Designator=D?(WSON-8)
Add component (AddParameter): Name = "Current"; Value = "250 mA"; VariantName = "[No Variations]"
Add component (AddParameter): Name = "Manufacturer"; Value = "Texas Instruments"; VariantName = "[No Variations]"
Add component (AddParameter): Name = "Name"; Value = "LM27761"; VariantName = "[No Variations]"
Add component (AddParameter): Name = "P/N"; Value = "LM27761DSGT"; VariantName = "[No Variations]"
Add component (AddParameter): Name = "Package"; Value = "WSON"; VariantName = "[No Variations]"
Add component (AddParameter): Name = "Temperature Range"; Value = "–40°C to 125°C"; VariantName = "[No Variations]"
Add component (AddParameter): Name = "Type"; Value = "Voltage Inverter"; VariantName = "[No Variations]"
Add component (AddParameter): Name = "Voltage"; Value = "2.7 V to 5.5"; VariantName = "[No Variations]"
Added Component: Designator=D?(WSON-6)
Add component (AddParameter): Name = "Current"; Value = "500mA"; VariantName = "[No Variations]"
Add component (AddParameter): Name = "Manufacturer"; Value = "Texas Instruments"; VariantName = "[No Variations]"
Add component (AddParameter): Name = "Name"; Value = "LP5912-5.0DRVT"; VariantName = "[No Variations]"
Add component (AddParameter): Name = "P/N"; Value = "LP5912-5.0DRVT"; VariantName = "[No Variations]"
Add component (AddParameter): Name = "Package"; Value = "WSON"; VariantName = "[No Variations]"
Add component (AddParameter): Name = "Supplier 1"; Value = "Digi-Key"; VariantName = "[No Variations]"
Add component (AddParameter): Name = "Supplier Part Number 1"; Value = "296-44153-2-ND"; VariantName = "[No Variations]"
Add component (AddParameter): Name = "Temperature Range"; Value = "–40°C to 125°C"; VariantName = "[No Variations]"
Add component (AddParameter): Name = "Type"; Value = "Low-Noise LDO"; VariantName = "[No Variations]"
Add component (AddParameter): Name = "Voltage"; Value = "5.0V"; VariantName = "[No Variations]"
Added Component: Designator=K?(Control Point)
Added Component: Designator=L?(L1210_Murata LQH)
Add component (AddParameter): Name = "Current"; Value = "2500mA"; VariantName = "[No Variations]"
Add component (AddParameter): Name = "Frequency"; Value = "100MHz"; VariantName = "[No Variations]"
Add component (AddParameter): Name = "Manufacturer"; Value = "Murata"; VariantName = "[No Variations]"
Add component (AddParameter): Name = "Name"; Value = "LQH32PN1R0NNC"; VariantName = "[No Variations]"
Add component (AddParameter): Name = "P/N"; Value = "LQH32PN1R0NNC"; VariantName = "[No Variations]"
Add component (AddParameter): Name = "Series"; Value = "LQH"; VariantName = "[No Variations]"
Add component (AddParameter): Name = "Temperature Range"; Value = "-25oC to 85oC"; VariantName = "[No Variations]"
Add component (AddParameter): Name = "Tolerance"; Value = "5%"; VariantName = "[No Variations]"
Add component (AddParameter): Name = "Value"; Value = "1uH"; VariantName = "[No Variations]"
Added Component: Designator=Q?(SOT-23)
Add component (AddParameter): Name = "Channel Resistance"; Value = "54 m?"; VariantName = "[No Variations]"
Add component (AddParameter): Name = "Current"; Value = "4.3A"; VariantName = "[No Variations]"
Add component (AddParameter): Name = "Name"; Value = "IRLML2244"; VariantName = "[No Variations]"
Add component (AddParameter): Name = "P/N"; Value = "IRLML2244TRPBF"; VariantName = "[No Variations]"
Add component (AddParameter): Name = "Package"; Value = "SOT-23"; VariantName = "[No Variations]"
Add component (AddParameter): Name = "Power Dissipation"; Value = "1.3W"; VariantName = "[No Variations]"
Add component (AddParameter): Name = "Type"; Value = "P-Channel Mosfet"; VariantName = "[No Variations]"
Add component (AddParameter): Name = "Value"; Value = "IRLML2244"; VariantName = "[No Variations]"
Add component (AddParameter): Name = "Voltage"; Value = "-20V"; VariantName = "[No Variations]"
Added Component: Designator=R?(R0402)
Add component (AddParameter): Name = "Manufacturer"; Value = "Panasonic Electronic Components"; VariantName = "[No Variations]"
Add component (AddParameter): Name = "Name"; Value = "Chip SMD Resistor"; VariantName = "[No Variations]"
Add component (AddParameter): Name = "P/N"; Value = "ERJ-2RHD1501X"; VariantName = "[No Variations]"
Add component (AddParameter): Name = "Power"; Value = "0.063 Wt"; VariantName = "[No Variations]"
Add component (AddParameter): Name = "Temperature Range"; Value = "-55…155°C"; VariantName = "[No Variations]"
Add component (AddParameter): Name = "Tolerance"; Value = "0.5%"; VariantName = "[No Variations]"
Add component (AddParameter): Name = "Value"; Value = "1.5k"; VariantName = "[No Variations]"
Added Component: Designator=R?(R0603)
Add component (AddParameter): Name = "Name"; Value = "Chip SMD Resistor"; VariantName = "[No Variations]"
Add component (AddParameter): Name = "P/N"; Value = "ERJ-2GE0R00X"; VariantName = "[No Variations]"
Add component (AddParameter): Name = "Power"; Value = "0.1 Wt"; VariantName = "[No Variations]"
Add component (AddParameter): Name = "Temperature Range"; Value = "-55…155°C"; VariantName = "[No Variations]"
Add component (AddParameter): Name = "Tolerance"; Value = "1%"; VariantName = "[No Variations]"
Add component (AddParameter): Name = "Value"; Value = "none"; VariantName = "[No Variations]"
Added Component: Designator=R?(R0402)
Add component (AddParameter): Name = "Manufacturer"; Value = "Panasonic Electronic Components"; VariantName = "[No Variations]"
Add component (AddParameter): Name = "Name"; Value = "Chip SMD Resistor"; VariantName = "[No Variations]"
Add component (AddParameter): Name = "P/N"; Value = "ERJ-2RKF7323X"; VariantName = "[No Variations]"
Add component (AddParameter): Name = "Power"; Value = "0.063 Wt"; VariantName = "[No Variations]"
Add component (AddParameter): Name = "Temperature Range"; Value = "-55…155°C"; VariantName = "[No Variations]"
Add component (AddParameter): Name = "Tolerance"; Value = "1%"; VariantName = "[No Variations]"
Add component (AddParameter): Name = "Value"; Value = "732k"; VariantName = "[No Variations]"
Added Component: Designator=R?(R0402)
Add component (AddParameter): Name = "Manufacturer"; Value = "Panasonic Electronic Components"; VariantName = "[No Variations]"
Add component (AddParameter): Name = "Name"; Value = "Chip SMD Resistor"; VariantName = "[No Variations]"
Add component (AddParameter): Name = "P/N"; Value = "ERJ-2RKF8873X"; VariantName = "[No Variations]"
Add component (AddParameter): Name = "Power"; Value = "0.1 Wt"; VariantName = "[No Variations]"
Add component (AddParameter): Name = "Temperature Range"; Value = "-55…155°C"; VariantName = "[No Variations]"
Add component (AddParameter): Name = "Tolerance"; Value = "±1%"; VariantName = "[No Variations]"
Add component (AddParameter): Name = "Value"; Value = "887k"; VariantName = "[No Variations]"
Added Component: Designator=R?(R0402)
Add component (AddParameter): Name = "Manufacturer"; Value = "Panasonic Electronic Components"; VariantName = "[No Variations]"
Add component (AddParameter): Name = "Name"; Value = "Chip SMD Resistor"; VariantName = "[No Variations]"
Add component (AddParameter): Name = "P/N"; Value = "ERJ-2RKF8062X"; VariantName = "[No Variations]"
Add component (AddParameter): Name = "Power"; Value = "0.063 Wt"; VariantName = "[No Variations]"
Add component (AddParameter): Name = "Temperature Range"; Value = "-55…155°C"; VariantName = "[No Variations]"
Add component (AddParameter): Name = "Tolerance"; Value = "1%"; VariantName = "[No Variations]"
Add component (AddParameter): Name = "Value"; Value = "80.6k"; VariantName = "[No Variations]"
Added Component: Designator=R?(R0402)
Add component (AddParameter): Name = "Manufacturer"; Value = "Panasonic Electronic Components"; VariantName = "[No Variations]"
Add component (AddParameter): Name = "Name"; Value = "Chip SMD Resistor"; VariantName = "[No Variations]"
Add component (AddParameter): Name = "P/N"; Value = "ERJ-2RKF1783X"; VariantName = "[No Variations]"
Add component (AddParameter): Name = "Power"; Value = "0.063 Wt"; VariantName = "[No Variations]"
Add component (AddParameter): Name = "Temperature Range"; Value = "-55…155°C"; VariantName = "[No Variations]"
Add component (AddParameter): Name = "Tolerance"; Value = "1%"; VariantName = "[No Variations]"
Add component (AddParameter): Name = "Value"; Value = "178k"; VariantName = "[No Variations]"
Added Component: Designator=R?(R0402)
Add component (AddParameter): Name = "Manufacturer"; Value = "Panasonic Electronic Components"; VariantName = "[No Variations]"
Add component (AddParameter): Name = "Name"; Value = "Chip SMD Resistor"; VariantName = "[No Variations]"
Add component (AddParameter): Name = "P/N"; Value = "ERJ-2RKF4993X"; VariantName = "[No Variations]"
Add component (AddParameter): Name = "Power"; Value = "0.1 Wt"; VariantName = "[No Variations]"
Add component (AddParameter): Name = "Temperature Range"; Value = "-55…155°C"; VariantName = "[No Variations]"
Add component (AddParameter): Name = "Tolerance"; Value = "±1%"; VariantName = "[No Variations]"
Add component (AddParameter): Name = "Value"; Value = "499k"; VariantName = "[No Variations]"
Added Pin To Net: NetName=3V3_CVDD_RX Pin=C97-2
Added Pin To Net: NetName=3V3_CVDD_RX Pin=C98-2
Added Pin To Net: NetName=3V3_CVDD_RX Pin=C100-2
Added Pin To Net: NetName=3V3_CVDD_RX Pin=C101-1
Added Pin To Net: NetName=3V3_DVDD_RX Pin=C123-2
Added Pin To Net: NetName=GND Pin=C136-1
Added Pin To Net: NetName=5V_CVDD_TX Pin=C136-2
Added Pin To Net: NetName=GND Pin=C137-1
Added Pin To Net: NetName=GND Pin=C138-1
Added Pin To Net: NetName=GND Pin=C140-2
Added Pin To Net: NetName=GND Pin=C142-2
Added Pin To Net: NetName=GND Pin=C147-1
Added Pin To Net: NetName=GND Pin=C148-1
Added Pin To Net: NetName=GND Pin=C152-1
Added Pin To Net: NetName=5V_CVDD_TX Pin=C152-2
Added Pin To Net: NetName=GND Pin=C153-1
Added Pin To Net: NetName=GND Pin=C154-1
Added Pin To Net: NetName=GND Pin=C163-1
Added Pin To Net: NetName=GND Pin=C164-1
Added Pin To Net: NetName=3V3_DVDD_RX Pin=C172-2
Added Pin To Net: NetName=3V3_CVDD_RX Pin=C190-1
Added Pin To Net: NetName=-3V4_DVSS_RX Pin=C?-1
Added Pin To Net: NetName=GND Pin=C?-1
Added Pin To Net: NetName=GND Pin=C?-1
Added Pin To Net: NetName=GND Pin=C?-1
Added Pin To Net: NetName=GND Pin=C?-1
Added Pin To Net: NetName=GND Pin=C?-1
Added Pin To Net: NetName=GND Pin=C?-1
Added Pin To Net: NetName=GND Pin=C?-1
Added Pin To Net: NetName=6V_TX Pin=C?-2
Added Pin To Net: NetName=6V_TX Pin=C?-2
Added Pin To Net: NetName=6V_TX Pin=C?-2
Added Pin To Net: NetName=GND Pin=C?-2
Added Pin To Net: NetName=GND Pin=C?-2
Added Pin To Net: NetName=GND Pin=C?-2
Added Pin To Net: NetName=GND Pin=C?-2
Added Pin To Net: NetName=GND Pin=D15-10
Added Pin To Net: NetName=GND Pin=D15-17
Added Pin To Net: NetName=GND Pin=D15-21
Added Pin To Net: NetName=5V_CVDD_TX Pin=D15-22
Added Pin To Net: NetName=GND Pin=D15-23
Added Pin To Net: NetName=GND Pin=D15-29
Added Pin To Net: NetName=GND Pin=D24-10
Added Pin To Net: NetName=GND Pin=D24-17
Added Pin To Net: NetName=GND Pin=D24-21
Added Pin To Net: NetName=5V_CVDD_TX Pin=D24-22
Added Pin To Net: NetName=GND Pin=D24-23
Added Pin To Net: NetName=GND Pin=D24-29
Added Pin To Net: NetName=3V3_DVDD_RX Pin=D27-2
Added Pin To Net: NetName=3V3_DVDD_RX Pin=D31-3
Added Pin To Net: NetName=3V3_DVDD_RX Pin=D31-8
Added Pin To Net: NetName=3V3_CVDD_RX Pin=D36-1
Added Pin To Net: NetName=GND Pin=D?-0
Added Pin To Net: NetName=GND Pin=D?-0
Added Pin To Net: NetName=GND Pin=D?-2
Added Pin To Net: NetName=GND Pin=D?-2
Added Pin To Net: NetName=GND Pin=D?-3
Added Pin To Net: NetName=-3V4_DVSS_RX Pin=D?-4
Added Pin To Net: NetName=GND Pin=D?-5
Added Pin To Net: NetName=3V3_DVDD_RX Pin=H3-2
Added Pin To Net: NetName=-3V4_DVSS_RX Pin=K?-1
Added Pin To Net: NetName=3V3_CVDD_RX Pin=L32-2
Added Pin To Net: NetName=3V3_CVDD_RX Pin=L33-2
Added Pin To Net: NetName=6V_TX Pin=L?-2
Added Pin To Net: NetName=3V3_DVDD_RX Pin=R51-1
Added Pin To Net: NetName=5V_CVDD_TX Pin=R53-2
Added Pin To Net: NetName=5V_CVDD_TX Pin=R55-2
Added Pin To Net: NetName=GND Pin=R?-1
Added Pin To Net: NetName=GND Pin=R?-1
Added Pin To Net: NetName=-3V4_DVSS_RX Pin=R?-2
Added Pin To Net: NetName=GND Pin=R?-2
Added Pin To Net: NetName=3V3_CVDD_RX Pin=T4-5
Change Net Name : Old Net Name=3V3_CVDD_RX New Net Name=3V3_CVDD_TX
Change Net Name : Old Net Name=3V3_DVDD_RX New Net Name=3V3_DVDD_TX
Change Net Name : Old Net Name=6V_TX New Net Name=_6V_flt
Change Net Color : Old Net Color=RGB(158, 161, 117) New Net Color=RGB(153, 0, 255)
Change Net Color : Old Net Color=RGB(158, 161, 117) New Net Color=Lime
Change Net Color : Old Net Color=RGB(158, 161, 117) New Net Color=Aqua
Change Net Color : Old Net Color=RGB(158, 161, 117) New Net Color=RGB(74, 134, 232)
Change Net Color : Old Net Color=RGB(158, 161, 117) New Net Color=Fuchsia
Change Net Color : Old Net Color=Red New Net Color=Default
Change Net Color : Old Net Color=RGB(158, 161, 117) New Net Color=Yellow
Change Net Color : Old Net Color=RGB(158, 161, 117) New Net Color=Yellow
Change Net Color : Old Net Color=RGB(158, 161, 117) New Net Color=Red
Change Net Color : Old Net Color=RGB(158, 161, 117) New Net Color=Yellow
Added Pin To Net: NetName=-3V4_DVSS_TX Pin=R63-1
Added Net: Name=-3V4_DVSS_TX
Added Pin To Net: NetName=3V3_DVDD_RX Pin=C176-1
Added Pin To Net: NetName=3V3_DVDD_RX Pin=C177-1
Added Pin To Net: NetName=3V3_DVDD_RX Pin=D15-9
Added Pin To Net: NetName=3V3_DVDD_RX Pin=D19-16
Added Pin To Net: NetName=3V3_DVDD_RX Pin=D25-8
Added Pin To Net: NetName=3V3_DVDD_RX Pin=H1-2
Added Pin To Net: NetName=3V3_DVDD_RX Pin=H2-2
Added Net: Name=3V3_DVDD_RX
Added Pin To Net: NetName=6V_RX Pin=C?-1
Added Pin To Net: NetName=6V_RX Pin=D?-4
Added Pin To Net: NetName=6V_RX Pin=D?-6
Added Net: Name=6V_RX
Added Pin To Net: NetName=6V_TX Pin=C183-1
Added Pin To Net: NetName=6V_TX Pin=C?-2
Added Pin To Net: NetName=6V_TX Pin=C?-2
Added Pin To Net: NetName=6V_TX Pin=D34-12
Added Pin To Net: NetName=6V_TX Pin=L37-1
Added Pin To Net: NetName=6V_TX Pin=L?-1
Added Pin To Net: NetName=6V_TX Pin=X1-4
Added Pin To Net: NetName=6V_TX Pin=X1-6
Added Net: Name=6V_TX
Added Pin To Net: NetName=_12V_TPS Pin=C196-2
Added Pin To Net: NetName=_12V_TPS Pin=C?-2
Added Pin To Net: NetName=_12V_TPS Pin=L38-1
Added Pin To Net: NetName=_12V_TPS Pin=Q?-2
Added Pin To Net: NetName=_12V_TPS Pin=R?-2
Added Net: Name=_12V_TPS
Added Pin To Net: NetName=_TPS_DISDRV Pin=C?-2
Added Pin To Net: NetName=_TPS_DISDRV Pin=D34-9
Added Pin To Net: NetName=_TPS_DISDRV Pin=Q?-1
Added Pin To Net: NetName=_TPS_DISDRV Pin=R?-1
Added Net: Name=_TPS_DISDRV
Added Pin To Net: NetName=_TPS_FB Pin=D34-5
Added Pin To Net: NetName=_TPS_FB Pin=R?-1
Added Pin To Net: NetName=_TPS_FB Pin=R?-2
Added Net: Name=_TPS_FB
Added Pin To Net: NetName=_TPS_VOUT Pin=C?-1
Added Pin To Net: NetName=_TPS_VOUT Pin=C?-2
Added Pin To Net: NetName=_TPS_VOUT Pin=D34-8
Added Pin To Net: NetName=_TPS_VOUT Pin=Q?-3
Added Pin To Net: NetName=_TPS_VOUT Pin=R?-2
Added Net: Name=_TPS_VOUT
Added Pin To Net: NetName=NetC?_1 Pin=C?-1
Added Pin To Net: NetName=NetC?_1 Pin=D?-1
Added Pin To Net: NetName=NetC?_1 Pin=D?-1
Added Pin To Net: NetName=NetC?_1 Pin=R?-2
Added Net: Name=NetC?_1
Added Pin To Net: NetName=NetC?_2 Pin=C?-2
Added Pin To Net: NetName=NetC?_2 Pin=D?-8
Added Net: Name=NetC?_2
Added Pin To Net: NetName=NetD?_5 Pin=D?-5
Added Pin To Net: NetName=NetD?_5 Pin=R?-1
Added Pin To Net: NetName=NetD?_5 Pin=R?-1
Added Net: Name=NetD?_5
Added Pin To Net: NetName=NetD?_6 Pin=D?-6
Added Pin To Net: NetName=NetD?_6 Pin=R?-1
Added Pin To Net: NetName=NetD?_6 Pin=R?-2
Added Net: Name=NetD?_6
Added Member To Class: ClassName=CPLD Member=Component C200 CAP
Added Member To Class: ClassName=CPLD Member=Component C201 CAP
Added Member To Class: ClassName=CPLD Member=Component C204 CAP
Added Member To Class: ClassName=CPLD Member=Component C205 CAP
Added Member To Class: ClassName=CPLD Member=Component C206 CAP
Added Member To Class: ClassName=CPLD Member=Component C207 CAP
Added Member To Class: ClassName=CPLD Member=Component C208 CAP
Added Member To Class: ClassName=DBoard_conn Member=Component C? CAP
Added Member To Class: ClassName=CPLD Member=Component R79 RES 4x0402
Added Member To Class: ClassName=CPLD Member=Component R80 RES 4x0402
Added Room: Name=CPLD
Added Room: Name=DBoard_conn
