Change Component Footprint: Designator=C59 Old Footprint=C0603 New Footprint=C0805
Change Component Footprint: Designator=C62 Old Footprint=C0603 New Footprint=C0805
Change Component Footprint: Designator=C69 Old Footprint=C0805 New Footprint=C0603
Change Component Footprint: Designator=C75 Old Footprint=C0805 New Footprint=C0603
Change Component Footprint: Designator=C78 Old Footprint=C0805 New Footprint=C0603
Change Component Footprint: Designator=C71 Old Footprint=C1206 New Footprint=C0603
Change component parameters: Designator = "C59" ("C59"); Footprint = "C0603"; UniqueID = "\YVMHTWDH" ("\YVMHTWDH")
Change component parameters (AddParameter): Name = "Manufacturer"; Value = "Murata"; VariantName = "[No Variations]"
Change component parameters (AddParameter): Name = "Material"; Value = "X7R"; VariantName = "[No Variations]"
Change component parameters (AddParameter): Name = "P/N"; Value = "GRM21BR71A105KA01K"; VariantName = "[No Variations]"
Change component parameters (AddParameter): Name = "Tolerance"; Value = "10%"; VariantName = "[No Variations]"
Change component parameters (AddParameter): Name = "Type"; Value = "Ceramic Capacitor"; VariantName = "[No Variations]"
Change component parameters (AddParameter): Name = "Value"; Value = "1uF"; VariantName = "[No Variations]"
Change component parameters (AddParameter): Name = "Voltage"; Value = "10V"; VariantName = "[No Variations]"
Change component parameters: Designator = "C62" ("C62"); Footprint = "C0603"; UniqueID = "\RAALEWEW" ("\RAALEWEW")
Change component parameters (AddParameter): Name = "Manufacturer"; Value = "Murata"; VariantName = "[No Variations]"
Change component parameters (AddParameter): Name = "Material"; Value = "X7R"; VariantName = "[No Variations]"
Change component parameters (AddParameter): Name = "P/N"; Value = "GRM21BR71A105KA01K"; VariantName = "[No Variations]"
Change component parameters (AddParameter): Name = "Tolerance"; Value = "10%"; VariantName = "[No Variations]"
Change component parameters (AddParameter): Name = "Type"; Value = "Ceramic Capacitor"; VariantName = "[No Variations]"
Change component parameters (AddParameter): Name = "Value"; Value = "1uF"; VariantName = "[No Variations]"
Change component parameters (AddParameter): Name = "Voltage"; Value = "10V"; VariantName = "[No Variations]"
Change component parameters: Designator = "C69" ("C69"); Footprint = "C0805"; UniqueID = "\PDPKAFOJ" ("\PDPKAFOJ")
Change component parameters (AddParameter): Name = "Manufacturer"; Value = "Murata"; VariantName = "[No Variations]"
Change component parameters (AddParameter): Name = "Material"; Value = "X7R"; VariantName = "[No Variations]"
Change component parameters (AddParameter): Name = "P/N"; Value = "???"; VariantName = "[No Variations]"
Change component parameters (AddParameter): Name = "Tolerance"; Value = "10%"; VariantName = "[No Variations]"
Change component parameters (AddParameter): Name = "Type"; Value = "Ceramic Capacitor"; VariantName = "[No Variations]"
Change component parameters (AddParameter): Name = "Value"; Value = "1uF"; VariantName = "[No Variations]"
Change component parameters (AddParameter): Name = "Voltage"; Value = "10V"; VariantName = "[No Variations]"
Change component parameters: Designator = "C71" ("C71"); Footprint = "C1206"; UniqueID = "\PYPTCXJC" ("\PYPTCXJC")
Change component parameters (AddParameter): Name = "Manufacturer"; Value = "Murata"; VariantName = "[No Variations]"
Change component parameters (AddParameter): Name = "Material"; Value = "NP0"; VariantName = "[No Variations]"
Change component parameters (AddParameter): Name = "P/N"; Value = "???"; VariantName = "[No Variations]"
Change component parameters (AddParameter): Name = "Tolerance"; Value = "±5%"; VariantName = "[No Variations]"
Change component parameters (AddParameter): Name = "Type"; Value = "Ceramic Capacitor"; VariantName = "[No Variations]"
Change component parameters (AddParameter): Name = "Value"; Value = "27nF"; VariantName = "[No Variations]"
Change component parameters (AddParameter): Name = "Voltage"; Value = "50V"; VariantName = "[No Variations]"
Change component parameters: Designator = "C75" ("C75"); Footprint = "C0805"; UniqueID = "\BYRPIFEY" ("\BYRPIFEY")
Change component parameters (AddParameter): Name = "Manufacturer"; Value = "Murata"; VariantName = "[No Variations]"
Change component parameters (AddParameter): Name = "Material"; Value = "X7R"; VariantName = "[No Variations]"
Change component parameters (AddParameter): Name = "P/N"; Value = "???"; VariantName = "[No Variations]"
Change component parameters (AddParameter): Name = "Tolerance"; Value = "10%"; VariantName = "[No Variations]"
Change component parameters (AddParameter): Name = "Type"; Value = "Ceramic Capacitor"; VariantName = "[No Variations]"
Change component parameters (AddParameter): Name = "Value"; Value = "1uF"; VariantName = "[No Variations]"
Change component parameters (AddParameter): Name = "Voltage"; Value = "10V"; VariantName = "[No Variations]"
Change component parameters: Designator = "C78" ("C78"); Footprint = "C0805"; UniqueID = "\COHMBXQE" ("\COHMBXQE")
Change component parameters (AddParameter): Name = "Manufacturer"; Value = "Murata"; VariantName = "[No Variations]"
Change component parameters (AddParameter): Name = "Material"; Value = "X7R"; VariantName = "[No Variations]"
Change component parameters (AddParameter): Name = "P/N"; Value = "???"; VariantName = "[No Variations]"
Change component parameters (AddParameter): Name = "Tolerance"; Value = "10%"; VariantName = "[No Variations]"
Change component parameters (AddParameter): Name = "Type"; Value = "Ceramic Capacitor"; VariantName = "[No Variations]"
Change component parameters (AddParameter): Name = "Value"; Value = "1uF"; VariantName = "[No Variations]"
Change component parameters (AddParameter): Name = "Voltage"; Value = "10V"; VariantName = "[No Variations]"
Added Member To Class: ClassName=DBoard_conn Member=Component C? CAP
Added Room: Name=CPLD
Added Room: Name=DBoard_conn
