Removed Member From Class: ClassName=CPLD Member=C25
Removed Member From Class: ClassName=CPLD Member=C27
Removed Member From Class: ClassName=CPLD Member=C35
Removed Member From Class: ClassName=CPLD Member=C39
Removed Member From Class: ClassName=CPLD Member=C50
Removed Member From Class: ClassName=CPLD Member=C52
Removed Member From Class: ClassName=CPLD Member=C72
Removed Member From Class: ClassName=CPLD Member=C73
Removed Member From Class: ClassName=DBoard_conn Member=C106
Removed Member From Class: ClassName=CPLD Member=R14
Removed Member From Class: ClassName=CPLD Member=R15
Removed Member From Class: ClassName=CPLD Member=R20
Added Pin To Net: NetName=GND Pin=D22-0
Added Pin To Net: NetName=GND Pin=D22-2
Added Pin To Net: NetName=GND Pin=D22-3
Added Pin To Net: NetName=6V_TX Pin=D22-4
Added Pin To Net: NetName=GND Pin=D22-5
Added Pin To Net: NetName=6V_TX Pin=D22-6
Added Pin To Net: NetName=TX_IOUTA_P Pin=X1-59
Added Differential Pair: Name=TX_IOUTA
Added Member To Class: ClassName=CPLD Member=Component C83 CAP
Added Member To Class: ClassName=CPLD Member=Component C85 CAP
Added Member To Class: ClassName=CPLD Member=Component C89 CAP
Added Member To Class: ClassName=CPLD Member=Component C90 CAP
Added Member To Class: ClassName=CPLD Member=Component C97 CAP
Added Member To Class: ClassName=CPLD Member=Component C98 CAP
Added Member To Class: ClassName=CPLD Member=Component C99 CAP
Added Member To Class: ClassName=CPLD Member=Component C101 CAP
Added Member To Class: ClassName=DBoard_conn Member=Component C? CAP
Added Member To Class: ClassName=DBoard_conn Member=Component C? CAP
Added Member To Class: ClassName=CPLD Member=Component R32 RES 4x0402
Added Member To Class: ClassName=CPLD Member=Component R34 RES 4x0402
Added Member To Class: ClassName=CPLD Member=Component R38 RES 4x0402
Added Room: Name=CPLD
Added Room: Name=DBoard_conn
