Removed Pin From Net: NetName=3V3_DVDD_TX Pin=C123-2
Removed Pin From Net: NetName=3V3_DVDD_TX Pin=C144-2
Removed Pin From Net: NetName=3V3_DVDD_TX Pin=C160-2
Removed Pin From Net: NetName=3V3_DVDD_TX Pin=C173-1
Removed Pin From Net: NetName=3V3_DVDD_TX Pin=C174-1
Removed Pin From Net: NetName=3V3_DVDD_RX Pin=C176-1
Removed Pin From Net: NetName=3V3_DVDD_RX Pin=C177-1
Removed Pin From Net: NetName=6V_TX Pin=C?-2
Removed Pin From Net: NetName=6V_TX Pin=C?-2
Removed Pin From Net: NetName=_6V_flt Pin=C?-2
Removed Pin From Net: NetName=_6V_flt Pin=C?-2
Removed Pin From Net: NetName=_6V_flt Pin=C?-2
Removed Pin From Net: NetName=3V3_CVDD_TX Pin=D15-1
Removed Pin From Net: NetName=3V3_DVDD_TX Pin=D15-8
Removed Pin From Net: NetName=5V_CVDD_TX Pin=D15-22
Removed Pin From Net: NetName=3V3_CVDD_TX Pin=D15-26
Removed Pin From Net: NetName=3V3_DVDD_TX Pin=D17-16
Removed Pin From Net: NetName=3V3_DVDD_RX Pin=D19-16
Removed Pin From Net: NetName=3V3_DVDD_TX Pin=D21-8
Removed Pin From Net: NetName=3V3_DVDD_TX Pin=D24-8
Removed Pin From Net: NetName=3V3_DVDD_RX Pin=D25-8
Removed Pin From Net: NetName=3V3_DVDD_TX Pin=D27-2
Removed Pin From Net: NetName=6V_TX Pin=L?-1
Removed Pin From Net: NetName=_6V_flt Pin=L?-2
Removed Pin From Net: NetName=3V3_DVDD_TX Pin=R51-1
Removed Pin From Net: NetName=6V_TX Pin=X1-4
Removed Pin From Net: NetName=6V_TX Pin=X1-6
Removed Pin From Net: NetName=3V3 Pin=X3-2
Added Component: Designator=C?(C0805)
Add component (AddParameter): Name = "Manufacturer"; Value = "Murata"; VariantName = "[No Variations]"
Add component (AddParameter): Name = "Material"; Value = "X7R"; VariantName = "[No Variations]"
Add component (AddParameter): Name = "P/N"; Value = "GRM21BR71A105KA01K"; VariantName = "[No Variations]"
Add component (AddParameter): Name = "Tolerance"; Value = "10%"; VariantName = "[No Variations]"
Add component (AddParameter): Name = "Type"; Value = "Ceramic Capacitor"; VariantName = "[No Variations]"
Add component (AddParameter): Name = "Value"; Value = "1uF"; VariantName = "[No Variations]"
Add component (AddParameter): Name = "Voltage"; Value = "10V"; VariantName = "[No Variations]"
Added Component: Designator=C?(C1210)
Add component (AddParameter): Name = "Manufacturer"; Value = "Murata"; VariantName = "[No Variations]"
Add component (AddParameter): Name = "Material"; Value = "X7R"; VariantName = "[No Variations]"
Add component (AddParameter): Name = "P/N"; Value = "GRM32ER71A476KE15L"; VariantName = "[No Variations]"
Add component (AddParameter): Name = "Tolerance"; Value = "10%"; VariantName = "[No Variations]"
Add component (AddParameter): Name = "Type"; Value = "Ceramic Capacitor"; VariantName = "[No Variations]"
Add component (AddParameter): Name = "Value"; Value = "47uF"; VariantName = "[No Variations]"
Add component (AddParameter): Name = "Voltage"; Value = "10V"; VariantName = "[No Variations]"
Added Component: Designator=C?(C0805)
Add component (AddParameter): Name = "Manufacturer"; Value = "Murata"; VariantName = "[No Variations]"
Add component (AddParameter): Name = "Material"; Value = "X7R"; VariantName = "[No Variations]"
Add component (AddParameter): Name = "P/N"; Value = "GRM21BR71A105KA01K"; VariantName = "[No Variations]"
Add component (AddParameter): Name = "Tolerance"; Value = "10%"; VariantName = "[No Variations]"
Add component (AddParameter): Name = "Type"; Value = "Ceramic Capacitor"; VariantName = "[No Variations]"
Add component (AddParameter): Name = "Value"; Value = "1uF"; VariantName = "[No Variations]"
Add component (AddParameter): Name = "Voltage"; Value = "10V"; VariantName = "[No Variations]"
Added Component: Designator=C?(C1210)
Add component (AddParameter): Name = "Manufacturer"; Value = "Murata"; VariantName = "[No Variations]"
Add component (AddParameter): Name = "Material"; Value = "X7R"; VariantName = "[No Variations]"
Add component (AddParameter): Name = "P/N"; Value = "GRM32ER71A476KE15L"; VariantName = "[No Variations]"
Add component (AddParameter): Name = "Tolerance"; Value = "10%"; VariantName = "[No Variations]"
Add component (AddParameter): Name = "Type"; Value = "Ceramic Capacitor"; VariantName = "[No Variations]"
Add component (AddParameter): Name = "Value"; Value = "47uF"; VariantName = "[No Variations]"
Add component (AddParameter): Name = "Voltage"; Value = "10V"; VariantName = "[No Variations]"
Added Component: Designator=D?(WSON-6)
Add component (AddParameter): Name = "Current"; Value = "500mA"; VariantName = "[No Variations]"
Add component (AddParameter): Name = "Manufacturer"; Value = "Texas Instruments"; VariantName = "[No Variations]"
Add component (AddParameter): Name = "Name"; Value = "LP5912-3.3DRVT"; VariantName = "[No Variations]"
Add component (AddParameter): Name = "P/N"; Value = "LP5912-3.3DRVT"; VariantName = "[No Variations]"
Add component (AddParameter): Name = "Package"; Value = "WSON"; VariantName = "[No Variations]"
Add component (AddParameter): Name = "Supplier 1"; Value = "Digi-Key"; VariantName = "[No Variations]"
Add component (AddParameter): Name = "Supplier Part Number 1"; Value = "296-44153-2-ND"; VariantName = "[No Variations]"
Add component (AddParameter): Name = "Temperature Range"; Value = "–40°C to 125°C"; VariantName = "[No Variations]"
Add component (AddParameter): Name = "Type"; Value = "Low-Noise LDO"; VariantName = "[No Variations]"
Add component (AddParameter): Name = "Voltage"; Value = "3.3V"; VariantName = "[No Variations]"
Added Component: Designator=D?(WSON-6)
Add component (AddParameter): Name = "Current"; Value = "500mA"; VariantName = "[No Variations]"
Add component (AddParameter): Name = "Manufacturer"; Value = "Texas Instruments"; VariantName = "[No Variations]"
Add component (AddParameter): Name = "Name"; Value = "LP5912-3.3DRVT"; VariantName = "[No Variations]"
Add component (AddParameter): Name = "P/N"; Value = "LP5912-3.3DRVT"; VariantName = "[No Variations]"
Add component (AddParameter): Name = "Package"; Value = "WSON"; VariantName = "[No Variations]"
Add component (AddParameter): Name = "Supplier 1"; Value = "Digi-Key"; VariantName = "[No Variations]"
Add component (AddParameter): Name = "Supplier Part Number 1"; Value = "296-44153-2-ND"; VariantName = "[No Variations]"
Add component (AddParameter): Name = "Temperature Range"; Value = "–40°C to 125°C"; VariantName = "[No Variations]"
Add component (AddParameter): Name = "Type"; Value = "Low-Noise LDO"; VariantName = "[No Variations]"
Add component (AddParameter): Name = "Voltage"; Value = "3.3V"; VariantName = "[No Variations]"
Added Pin To Net: NetName=3V3 Pin=C144-2
Added Pin To Net: NetName=3V3 Pin=C160-2
Added Pin To Net: NetName=3V3 Pin=C173-1
Added Pin To Net: NetName=3V3 Pin=C174-1
Added Pin To Net: NetName=3V3 Pin=C176-1
Added Pin To Net: NetName=3V3 Pin=C177-1
Added Pin To Net: NetName=3V3 Pin=C?-1
Added Pin To Net: NetName=_6V_flt Pin=C?-1
Added Pin To Net: NetName=GND Pin=C?-1
Added Pin To Net: NetName=GND Pin=C?-1
Added Pin To Net: NetName=6V_TX Pin=C?-2
Added Pin To Net: NetName=6V_TX Pin=C?-2
Added Pin To Net: NetName=6V_TX Pin=C?-2
Added Pin To Net: NetName=_6V_flt Pin=C?-2
Added Pin To Net: NetName=_6V_flt Pin=C?-2
Added Pin To Net: NetName=_6V_flt Pin=C?-2
Added Pin To Net: NetName=_6V_flt Pin=C?-2
Added Pin To Net: NetName=GND Pin=C?-2
Added Pin To Net: NetName=GND Pin=C?-2
Added Pin To Net: NetName=3V3 Pin=D15-8
Added Pin To Net: NetName=3V3 Pin=D17-16
Added Pin To Net: NetName=3V3 Pin=D19-16
Added Pin To Net: NetName=3V3 Pin=D21-8
Added Pin To Net: NetName=3V3 Pin=D24-8
Added Pin To Net: NetName=3V3 Pin=D25-8
Added Pin To Net: NetName=GND Pin=D?-0
Added Pin To Net: NetName=GND Pin=D?-0
Added Pin To Net: NetName=3V3 Pin=D?-1
Added Pin To Net: NetName=GND Pin=D?-2
Added Pin To Net: NetName=GND Pin=D?-2
Added Pin To Net: NetName=GND Pin=D?-3
Added Pin To Net: NetName=GND Pin=D?-3
Added Pin To Net: NetName=_6V_flt Pin=D?-4
Added Pin To Net: NetName=_6V_flt Pin=D?-4
Added Pin To Net: NetName=_6V_flt Pin=D?-4
Added Pin To Net: NetName=GND Pin=D?-5
Added Pin To Net: NetName=GND Pin=D?-5
Added Pin To Net: NetName=_6V_flt Pin=D?-6
Added Pin To Net: NetName=_6V_flt Pin=D?-6
Added Pin To Net: NetName=_6V_flt Pin=D?-6
Added Pin To Net: NetName=_6V_flt Pin=L?-1
Added Pin To Net: NetName=6V_TX Pin=L?-2
Added Pin To Net: NetName=-3V4_DVSS_RX Pin=R63-1
Added Pin To Net: NetName=_6V_flt Pin=X1-4
Added Pin To Net: NetName=_6V_flt Pin=X1-6
Change Net Name : Old Net Name=-3V4_DVSS_RX New Net Name=-3V4_DVSS
Change Net Name : Old Net Name=3V3 New Net Name=3V3_DVDD
Change Net Name : Old Net Name=3V3_CVDD_TX New Net Name=3V3_CVDD
Change Net Name : Old Net Name=5V_AVDD_TX New Net Name=5V_AVDD
Change Net Name : Old Net Name=5V_CVDD_TX New Net Name=5V_CVDD
Change Net Name : Old Net Name=5V_QMOD_TX New Net Name=5V_QMOD
Change Net Name : Old Net Name=6V_TX New Net Name=_6V_flt
Change Net Name : Old Net Name=12V_AVDD_TX New Net Name=12V_AVDD
Change Net Name : Old Net Name=_6V_flt New Net Name=6V_TX
Change Net Name : Old Net Name=RFREQ_LBAND_TX New Net Name=NetD25_24
Change Net Name : Old Net Name=RFREQ_MBAND_TX New Net Name=NetD25_2
Change Net Color : Old Net Color=Yellow New Net Color=Default
Change Net Color : Old Net Color=Red New Net Color=Default
Change Net Color : Old Net Color=RGB(255, 153, 0) New Net Color=Default
Change Net Color : Old Net Color=Aqua New Net Color=Default
Change Net Color : Old Net Color=Lime New Net Color=Default
Added Pin To Net: NetName=3V3_AVDD Pin=C?-1
Added Pin To Net: NetName=3V3_AVDD Pin=D?-1
Added Net: Name=3V3_AVDD
Added Pin To Net: NetName=3V3_CVDD_TX Pin=D15-1
Added Pin To Net: NetName=3V3_CVDD_TX Pin=D15-26
Added Net: Name=3V3_CVDD_TX
Added Pin To Net: NetName=3V3 Pin=C123-2
Added Pin To Net: NetName=3V3 Pin=D27-2
Added Pin To Net: NetName=3V3 Pin=R51-1
Added Pin To Net: NetName=3V3 Pin=X3-2
Added Net: Name=3V3
Added Pin To Net: NetName=5V_CVDD_TX Pin=D15-22
Added Net: Name=5V_CVDD_TX
Added Member To Class: ClassName=DBoard_conn Member=Component C? CAP
Added Room: Name=CPLD
Added Room: Name=DBoard_conn
