Removed Pin From Net: NetName=NetD14_M1 Pin=R33-1
Removed Pin From Net: NetName=NetD14_L3 Pin=R33-2
Removed Pin From Net: NetName=NetD14_L4 Pin=R33-3
Removed Pin From Net: NetName=NetD14_L5 Pin=R33-4
Removed Pin From Net: NetName=cpld_io_08 Pin=R33-5
Removed Pin From Net: NetName=cpld_io_09 Pin=R33-6
Removed Pin From Net: NetName=cpld_io_10 Pin=R33-7
Removed Pin From Net: NetName=cpld_io_11 Pin=R33-8
Removed Pin From Net: NetName=NetD14_H2 Pin=R34-1
Removed Pin From Net: NetName=NetD14_H1 Pin=R34-2
Removed Pin From Net: NetName=NetD14_G3 Pin=R34-3
Removed Pin From Net: NetName=NetD14_F2 Pin=R34-4
Removed Pin From Net: NetName=cpld_io_04 Pin=R34-5
Removed Pin From Net: NetName=cpld_io_05 Pin=R34-6
Removed Pin From Net: NetName=cpld_io_06 Pin=R34-7
Removed Pin From Net: NetName=cpld_io_07 Pin=R34-8
Removed Pin From Net: NetName=NetD14_F3 Pin=R35-1
Removed Pin From Net: NetName=NetD14_E2 Pin=R35-2
Removed Pin From Net: NetName=NetD14_D2 Pin=R35-3
Removed Pin From Net: NetName=cpld_io_01 Pin=R35-6
Removed Pin From Net: NetName=cpld_io_02 Pin=R35-7
Removed Pin From Net: NetName=cpld_io_03 Pin=R35-8
Added Pin To Net: NetName=NetD14_L5 Pin=R33-1
Added Pin To Net: NetName=NetD14_L4 Pin=R33-2
Added Pin To Net: NetName=NetD14_L3 Pin=R33-3
Added Pin To Net: NetName=NetD14_M1 Pin=R33-4
Added Pin To Net: NetName=cpld_io_11 Pin=R33-5
Added Pin To Net: NetName=cpld_io_10 Pin=R33-6
Added Pin To Net: NetName=cpld_io_09 Pin=R33-7
Added Pin To Net: NetName=cpld_io_08 Pin=R33-8
Added Pin To Net: NetName=NetD14_F2 Pin=R34-1
Added Pin To Net: NetName=NetD14_G3 Pin=R34-2
Added Pin To Net: NetName=NetD14_H1 Pin=R34-3
Added Pin To Net: NetName=NetD14_H2 Pin=R34-4
Added Pin To Net: NetName=cpld_io_07 Pin=R34-5
Added Pin To Net: NetName=cpld_io_06 Pin=R34-6
Added Pin To Net: NetName=cpld_io_05 Pin=R34-7
Added Pin To Net: NetName=cpld_io_04 Pin=R34-8
Added Pin To Net: NetName=NetD14_D2 Pin=R35-2
Added Pin To Net: NetName=NetD14_E2 Pin=R35-3
Added Pin To Net: NetName=NetD14_F3 Pin=R35-4
Added Pin To Net: NetName=cpld_io_03 Pin=R35-5
Added Pin To Net: NetName=cpld_io_02 Pin=R35-6
Added Pin To Net: NetName=cpld_io_01 Pin=R35-7
Added Member To Class: ClassName=DBoard_conn Member=Component C? CAP
Added Room: Name=CPLD
Added Room: Name=DBoard_conn
