Removed Pin From Net: NetName=3V3_DVDD_RX Pin=C165-1
Removed Pin From Net: NetName=GND Pin=C165-2
Removed Pin From Net: NetName=3V3_DVDD_RX Pin=C166-1
Removed Pin From Net: NetName=GND Pin=C166-2
Removed Pin From Net: NetName=3V3_DVDD_RX Pin=C167-1
Removed Pin From Net: NetName=GND Pin=C167-2
Removed Pin From Net: NetName=3V3_DVDD_RX Pin=C168-1
Removed Pin From Net: NetName=GND Pin=C168-2
Removed Pin From Net: NetName=3V3_DVDD_RX Pin=C169-1
Removed Pin From Net: NetName=GND Pin=C169-2
Removed Pin From Net: NetName=3V3_DVDD_RX Pin=C170-1
Removed Pin From Net: NetName=GND Pin=C170-2
Removed Pin From Net: NetName=GND Pin=C171-1
Removed Pin From Net: NetName=3V3_DVDD_RX Pin=C171-2
Removed Pin From Net: NetName=GND Pin=D1-1
Removed Pin From Net: NetName=GND Pin=D1-3
Removed Pin From Net: NetName=GND Pin=D1-4
Removed Pin From Net: NetName=GND Pin=D1-5
Removed Pin From Net: NetName=GND Pin=D1-6
Removed Pin From Net: NetName=GND Pin=D1-8
Removed Pin From Net: NetName=GND Pin=D1-9
Removed Pin From Net: NetName=GND Pin=D1-10
Removed Pin From Net: NetName=GND Pin=D1-12
Removed Pin From Net: NetName=GND Pin=D1-15
Removed Pin From Net: NetName=3V3_DVDD_RX Pin=D1-16
Removed Pin From Net: NetName=GND Pin=D1-17
Removed Pin From Net: NetName=GND Pin=D3-1
Removed Pin From Net: NetName=GND Pin=D3-3
Removed Pin From Net: NetName=GND Pin=D3-4
Removed Pin From Net: NetName=GND Pin=D3-5
Removed Pin From Net: NetName=GND Pin=D3-6
Removed Pin From Net: NetName=GND Pin=D3-8
Removed Pin From Net: NetName=GND Pin=D3-9
Removed Pin From Net: NetName=GND Pin=D3-10
Removed Pin From Net: NetName=GND Pin=D3-12
Removed Pin From Net: NetName=GND Pin=D3-13
Removed Pin From Net: NetName=GND Pin=D3-15
Removed Pin From Net: NetName=3V3_DVDD_RX Pin=D3-16
Removed Pin From Net: NetName=GND Pin=D3-17
Removed Pin From Net: NetName=GND Pin=D4-1
Removed Pin From Net: NetName=GND Pin=D4-3
Removed Pin From Net: NetName=GND Pin=D4-4
Removed Pin From Net: NetName=GND Pin=D4-5
Removed Pin From Net: NetName=GND Pin=D4-6
Removed Pin From Net: NetName=GND Pin=D4-8
Removed Pin From Net: NetName=GND Pin=D4-9
Removed Pin From Net: NetName=GND Pin=D4-10
Removed Pin From Net: NetName=GND Pin=D4-12
Removed Pin From Net: NetName=GND Pin=D4-15
Removed Pin From Net: NetName=3V3_DVDD_RX Pin=D4-16
Removed Pin From Net: NetName=GND Pin=D4-17
Removed Pin From Net: NetName=GND Pin=D5-1
Removed Pin From Net: NetName=GND Pin=D5-3
Removed Pin From Net: NetName=GND Pin=D5-5
Removed Pin From Net: NetName=GND Pin=D5-6
Removed Pin From Net: NetName=GND Pin=D5-7
Removed Pin From Net: NetName=3V3_DVDD_RX Pin=D5-8
Removed Pin From Net: NetName=GND Pin=D5-9
Removed Pin From Net: NetName=TMT_PATH_CTRL2V_TX Pin=D5-10
Removed Pin From Net: NetName=TMT_PATH_CTRL3V_TX Pin=D5-11
Removed Pin From Net: NetName=GND Pin=D5-12
Removed Pin From Net: NetName=GND Pin=D5-13
Removed Pin From Net: NetName=GND Pin=D5-14
Removed Pin From Net: NetName=GND Pin=D5-16
Removed Pin From Net: NetName=GND Pin=D5-18
Removed Pin From Net: NetName=GND Pin=D5-21
Removed Pin From Net: NetName=GND Pin=D5-23
Removed Pin From Net: NetName=GND Pin=D5-25
Removed Pin From Net: NetName=GND Pin=D10-1
Removed Pin From Net: NetName=GND Pin=D10-3
Removed Pin From Net: NetName=GND Pin=D10-4
Removed Pin From Net: NetName=GND Pin=D10-5
Removed Pin From Net: NetName=GND Pin=D10-6
Removed Pin From Net: NetName=GND Pin=D10-8
Removed Pin From Net: NetName=GND Pin=D10-9
Removed Pin From Net: NetName=GND Pin=D10-10
Removed Pin From Net: NetName=GND Pin=D10-12
Removed Pin From Net: NetName=GND Pin=D10-13
Removed Pin From Net: NetName=GND Pin=D10-15
Removed Pin From Net: NetName=3V3_DVDD_RX Pin=D10-16
Removed Pin From Net: NetName=GND Pin=D10-17
Removed Pin From Net: NetName=GND Pin=D16-1
Removed Pin From Net: NetName=GND Pin=D16-3
Removed Pin From Net: NetName=GND Pin=D16-4
Removed Pin From Net: NetName=GND Pin=D16-5
Removed Pin From Net: NetName=GND Pin=D16-6
Removed Pin From Net: NetName=GND Pin=D16-8
Removed Pin From Net: NetName=GND Pin=D16-9
Removed Pin From Net: NetName=GND Pin=D16-10
Removed Pin From Net: NetName=GND Pin=D16-12
Removed Pin From Net: NetName=GND Pin=D16-15
Removed Pin From Net: NetName=3V3_DVDD_RX Pin=D16-16
Removed Pin From Net: NetName=GND Pin=D16-17
Removed Pin From Net: NetName=I2C_A0_RX Pin=D30-1
Removed Pin From Net: NetName=I2C_A1_RX Pin=D30-2
Removed Pin From Net: NetName=3V3_DVDD_RX Pin=D30-3
Removed Pin From Net: NetName=GND Pin=D30-4
Removed Pin From Net: NetName=SDA_RX Pin=D30-5
Removed Pin From Net: NetName=SCL_RX Pin=D30-6
Removed Pin From Net: NetName=3V3_DVDD_RX Pin=D30-8
Removed Pin From Net: NetName=GND Pin=R56-2
Removed Pin From Net: NetName=-3V4_DVSS_RX Pin=R57-1
Removed Pin From Net: NetName=GND Pin=R58-2
Removed Pin From Net: NetName=-3V4_DVSS_RX Pin=R59-1
Removed Pin From Net: NetName=GND Pin=R60-2
Removed Pin From Net: NetName=-3V4_DVSS_RX Pin=R61-1
Change Net Color : Old Net Color=RGB(158, 161, 117) New Net Color=Blue
Added Member To Class: ClassName=DBoard_conn Member=Component C? CAP
Added Room: Name=CPLD
Added Room: Name=DBoard_conn
